This is pdfTeX, Version 3.14159265-2.6-1.40.15 (TeX Live 2014) (preloaded format=pdflatex 2014.5.25)  16 FEB 2016 17:23
entering extended mode
 restricted \write18 enabled.
 file:line:error style messages enabled.
 %&-line parsing enabled.
**energy_report.tex
(./energy_report.tex
LaTeX2e <2014/05/01>
Babel <3.9k> and hyphenation patterns for 78 languages loaded.
(/usr/local/texlive/2014/texmf-dist/tex/latex/base/article.cls
Document Class: article 2007/10/19 v1.4h Standard LaTeX document class
(/usr/local/texlive/2014/texmf-dist/tex/latex/base/size10.clo
File: size10.clo 2007/10/19 v1.4h Standard LaTeX file (size option)
)
\c@part=\count79
\c@section=\count80
\c@subsection=\count81
\c@subsubsection=\count82
\c@paragraph=\count83
\c@subparagraph=\count84
\c@figure=\count85
\c@table=\count86
\abovecaptionskip=\skip41
\belowcaptionskip=\skip42
\bibindent=\dimen102
)
(/usr/local/texlive/2014/texmf-dist/tex/latex/graphics/graphicx.sty
Package: graphicx 2014/04/25 v1.0g Enhanced LaTeX Graphics (DPC,SPQR)

(/usr/local/texlive/2014/texmf-dist/tex/latex/graphics/keyval.sty
Package: keyval 2014/05/08 v1.15 key=value parser (DPC)
\KV@toks@=\toks14
)
(/usr/local/texlive/2014/texmf-dist/tex/latex/graphics/graphics.sty
Package: graphics 2009/02/05 v1.0o Standard LaTeX Graphics (DPC,SPQR)

(/usr/local/texlive/2014/texmf-dist/tex/latex/graphics/trig.sty
Package: trig 1999/03/16 v1.09 sin cos tan (DPC)
)
(/usr/local/texlive/2014/texmf-dist/tex/latex/latexconfig/graphics.cfg
File: graphics.cfg 2010/04/23 v1.9 graphics configuration of TeX Live
)
Package graphics Info: Driver file: pdftex.def on input line 91.

(/usr/local/texlive/2014/texmf-dist/tex/latex/pdftex-def/pdftex.def
File: pdftex.def 2011/05/27 v0.06d Graphics/color for pdfTeX

(/usr/local/texlive/2014/texmf-dist/tex/generic/oberdiek/infwarerr.sty
Package: infwarerr 2010/04/08 v1.3 Providing info/warning/error messages (HO)
)
(/usr/local/texlive/2014/texmf-dist/tex/generic/oberdiek/ltxcmds.sty
Package: ltxcmds 2011/11/09 v1.22 LaTeX kernel commands for general use (HO)
)
\Gread@gobject=\count87
))
\Gin@req@height=\dimen103
\Gin@req@width=\dimen104
)
(/usr/local/texlive/2014/texmf-dist/tex/latex/graphics/color.sty
Package: color 2014/04/23 v1.1a Standard LaTeX Color (DPC)

(/usr/local/texlive/2014/texmf-dist/tex/latex/latexconfig/color.cfg
File: color.cfg 2007/01/18 v1.5 color configuration of teTeX/TeXLive
)
Package color Info: Driver file: pdftex.def on input line 137.
)
(/usr/local/texlive/2014/texmf-dist/tex/latex/geometry/geometry.sty
Package: geometry 2010/09/12 v5.6 Page Geometry

(/usr/local/texlive/2014/texmf-dist/tex/generic/oberdiek/ifpdf.sty
Package: ifpdf 2011/01/30 v2.3 Provides the ifpdf switch (HO)
Package ifpdf Info: pdfTeX in PDF mode is detected.
)
(/usr/local/texlive/2014/texmf-dist/tex/generic/oberdiek/ifvtex.sty
Package: ifvtex 2010/03/01 v1.5 Detect VTeX and its facilities (HO)
Package ifvtex Info: VTeX not detected.
)
(/usr/local/texlive/2014/texmf-dist/tex/generic/ifxetex/ifxetex.sty
Package: ifxetex 2010/09/12 v0.6 Provides ifxetex conditional
)
\Gm@cnth=\count88
\Gm@cntv=\count89
\c@Gm@tempcnt=\count90
\Gm@bindingoffset=\dimen105
\Gm@wd@mp=\dimen106
\Gm@odd@mp=\dimen107
\Gm@even@mp=\dimen108
\Gm@layoutwidth=\dimen109
\Gm@layoutheight=\dimen110
\Gm@layouthoffset=\dimen111
\Gm@layoutvoffset=\dimen112
\Gm@dimlist=\toks15
)
(/usr/local/texlive/2014/texmf-dist/tex/latex/tools/verbatim.sty
Package: verbatim 2003/08/22 v1.5q LaTeX2e package for verbatim enhancements
\every@verbatim=\toks16
\verbatim@line=\toks17
\verbatim@in@stream=\read1
)
(/usr/local/texlive/2014/texmf-dist/tex/latex/sidecap/sidecap.sty
Package: sidecap 2003/06/06 v1.6f SideCap Package (RN/HjG)

(/usr/local/texlive/2014/texmf-dist/tex/latex/base/ifthen.sty
Package: ifthen 2001/05/26 v1.1c Standard LaTeX ifthen package (DPC)
)
\SC@BOXWD=\dimen113
\SC@CAPWD=\dimen114
\SC@tempdima=\dimen115
\SC@tempdimb=\dimen116
\c@SC@C=\count91
\SC@BOX=\box26
)
(/usr/local/texlive/2014/texmf-dist/tex/latex/wrapfig/wrapfig.sty
\wrapoverhang=\dimen117
\WF@size=\dimen118
\c@WF@wrappedlines=\count92
\WF@box=\box27
\WF@everypar=\toks18
Package: wrapfig 2003/01/31  v 3.6
)
(/usr/local/texlive/2014/texmf-dist/tex/latex/textpos/textpos.sty
Package: textpos 2014/01/03 v1.7j

Package: textpos 2014/01/03 1.7j, absolute positioning of text on the page
\TP@textbox=\box28
\TPHorizModule=\dimen119
\TPVertModule=\dimen120
\TP@margin=\dimen121
\TP@absmargin=\dimen122
Grid set 16 x 16 = 38.39343pt x 49.68562pt
\TPboxrulesize=\dimen123
\TP@tbargs=\toks19
\TP@prevdepth=\dimen124
) (/usr/local/texlive/2014/texmf-dist/tex/latex/framed/framed.sty
Package: framed 2011/10/22 v 0.96: framed or shaded text with page breaks
\OuterFrameSep=\skip43
\fb@frw=\dimen125
\fb@frh=\dimen126
\FrameRule=\dimen127
\FrameSep=\dimen128
)
(/usr/local/texlive/2014/texmf-dist/tex/latex/base/alltt.sty
Package: alltt 1997/06/16 v2.0g defines alltt environment
)
(/usr/local/texlive/2014/texmf-dist/tex/latex/amsmath/amsmath.sty
Package: amsmath 2013/01/14 v2.14 AMS math features
\@mathmargin=\skip44

For additional information on amsmath, use the `?' option.
(/usr/local/texlive/2014/texmf-dist/tex/latex/amsmath/amstext.sty
Package: amstext 2000/06/29 v2.01

(/usr/local/texlive/2014/texmf-dist/tex/latex/amsmath/amsgen.sty
File: amsgen.sty 1999/11/30 v2.0
\@emptytoks=\toks20
\ex@=\dimen129
))
(/usr/local/texlive/2014/texmf-dist/tex/latex/amsmath/amsbsy.sty
Package: amsbsy 1999/11/29 v1.2d
\pmbraise@=\dimen130
)
(/usr/local/texlive/2014/texmf-dist/tex/latex/amsmath/amsopn.sty
Package: amsopn 1999/12/14 v2.01 operator names
)
\inf@bad=\count93
LaTeX Info: Redefining \frac on input line 210.
\uproot@=\count94
\leftroot@=\count95
LaTeX Info: Redefining \overline on input line 306.
\classnum@=\count96
\DOTSCASE@=\count97
LaTeX Info: Redefining \ldots on input line 378.
LaTeX Info: Redefining \dots on input line 381.
LaTeX Info: Redefining \cdots on input line 466.
\Mathstrutbox@=\box29
\strutbox@=\box30
\big@size=\dimen131
LaTeX Font Info:    Redeclaring font encoding OML on input line 566.
LaTeX Font Info:    Redeclaring font encoding OMS on input line 567.
\macc@depth=\count98
\c@MaxMatrixCols=\count99
\dotsspace@=\muskip10
\c@parentequation=\count100
\dspbrk@lvl=\count101
\tag@help=\toks21
\row@=\count102
\column@=\count103
\maxfields@=\count104
\andhelp@=\toks22
\eqnshift@=\dimen132
\alignsep@=\dimen133
\tagshift@=\dimen134
\tagwidth@=\dimen135
\totwidth@=\dimen136
\lineht@=\dimen137
\@envbody=\toks23
\multlinegap=\skip45
\multlinetaggap=\skip46
\mathdisplay@stack=\toks24
LaTeX Info: Redefining \[ on input line 2665.
LaTeX Info: Redefining \] on input line 2666.
)
(/usr/local/texlive/2014/texmf-dist/tex/latex/amsfonts/amssymb.sty
Package: amssymb 2013/01/14 v3.01 AMS font symbols

(/usr/local/texlive/2014/texmf-dist/tex/latex/amsfonts/amsfonts.sty
Package: amsfonts 2013/01/14 v3.01 Basic AMSFonts support
\symAMSa=\mathgroup4
\symAMSb=\mathgroup5
LaTeX Font Info:    Overwriting math alphabet `\mathfrak' in version `bold'
(Font)                  U/euf/m/n --> U/euf/b/n on input line 106.
))
(/usr/local/texlive/2014/texmf-dist/tex/latex/upquote/upquote.sty
Package: upquote 2012/04/19 v1.3 upright-quote and grave-accent glyphs in verba
tim
)
(./energy_report.aux)
\openout1 = `energy_report.aux'.

LaTeX Font Info:    Checking defaults for OML/cmm/m/it on input line 63.
LaTeX Font Info:    ... okay on input line 63.
LaTeX Font Info:    Checking defaults for T1/cmr/m/n on input line 63.
LaTeX Font Info:    ... okay on input line 63.
LaTeX Font Info:    Checking defaults for OT1/cmr/m/n on input line 63.
LaTeX Font Info:    ... okay on input line 63.
LaTeX Font Info:    Checking defaults for OMS/cmsy/m/n on input line 63.
LaTeX Font Info:    ... okay on input line 63.
LaTeX Font Info:    Checking defaults for OMX/cmex/m/n on input line 63.
LaTeX Font Info:    ... okay on input line 63.
LaTeX Font Info:    Checking defaults for U/cmr/m/n on input line 63.
LaTeX Font Info:    ... okay on input line 63.

(/usr/local/texlive/2014/texmf-dist/tex/context/base/supp-pdf.mkii
[Loading MPS to PDF converter (version 2006.09.02).]
\scratchcounter=\count105
\scratchdimen=\dimen138
\scratchbox=\box31
\nofMPsegments=\count106
\nofMParguments=\count107
\everyMPshowfont=\toks25
\MPscratchCnt=\count108
\MPscratchDim=\dimen139
\MPnumerator=\count109
\makeMPintoPDFobject=\count110
\everyMPtoPDFconversion=\toks26
) (/usr/local/texlive/2014/texmf-dist/tex/generic/oberdiek/pdftexcmds.sty
Package: pdftexcmds 2011/11/29 v0.20 Utility functions of pdfTeX for LuaTeX (HO
)

(/usr/local/texlive/2014/texmf-dist/tex/generic/oberdiek/ifluatex.sty
Package: ifluatex 2010/03/01 v1.3 Provides the ifluatex switch (HO)
Package ifluatex Info: LuaTeX not detected.
)
Package pdftexcmds Info: LuaTeX not detected.
Package pdftexcmds Info: \pdf@primitive is available.
Package pdftexcmds Info: \pdf@ifprimitive is available.
Package pdftexcmds Info: \pdfdraftmode found.
)
(/usr/local/texlive/2014/texmf-dist/tex/latex/oberdiek/epstopdf-base.sty
Package: epstopdf-base 2010/02/09 v2.5 Base part for package epstopdf

(/usr/local/texlive/2014/texmf-dist/tex/latex/oberdiek/grfext.sty
Package: grfext 2010/08/19 v1.1 Manage graphics extensions (HO)

(/usr/local/texlive/2014/texmf-dist/tex/generic/oberdiek/kvdefinekeys.sty
Package: kvdefinekeys 2011/04/07 v1.3 Define keys (HO)
))
(/usr/local/texlive/2014/texmf-dist/tex/latex/oberdiek/kvoptions.sty
Package: kvoptions 2011/06/30 v3.11 Key value format for package options (HO)

(/usr/local/texlive/2014/texmf-dist/tex/generic/oberdiek/kvsetkeys.sty
Package: kvsetkeys 2012/04/25 v1.16 Key value parser (HO)

(/usr/local/texlive/2014/texmf-dist/tex/generic/oberdiek/etexcmds.sty
Package: etexcmds 2011/02/16 v1.5 Avoid name clashes with e-TeX commands (HO)
Package etexcmds Info: Could not find \expanded.
(etexcmds)             That can mean that you are not using pdfTeX 1.50 or
(etexcmds)             that some package has redefined \expanded.
(etexcmds)             In the latter case, load this package earlier.
)))
Package grfext Info: Graphics extension search list:
(grfext)             [.png,.pdf,.jpg,.mps,.jpeg,.jbig2,.jb2,.PNG,.PDF,.JPG,.JPE
G,.JBIG2,.JB2,.eps]
(grfext)             \AppendGraphicsExtensions on input line 452.

(/usr/local/texlive/2014/texmf-dist/tex/latex/latexconfig/epstopdf-sys.cfg
File: epstopdf-sys.cfg 2010/07/13 v1.3 Configuration of (r)epstopdf for TeX Liv
e
))
*geometry* driver: auto-detecting
*geometry* detected driver: pdftex
*geometry* verbose mode - [ preamble ] result:
* driver: pdftex
* paper: <default>
* layout: <same size as paper>
* layoutoffset:(h,v)=(0.0pt,0.0pt)
* modes: 
* h-part:(L,W,R)=(25.29494pt, 563.70512pt, 25.29494pt)
* v-part:(T,H,B)=(25.29494pt, 744.38011pt, 25.29494pt)
* \paperwidth=614.295pt
* \paperheight=794.96999pt
* \textwidth=563.70512pt
* \textheight=744.38011pt
* \oddsidemargin=-46.97505pt
* \evensidemargin=-46.97505pt
* \topmargin=-83.97505pt
* \headheight=12.0pt
* \headsep=25.0pt
* \topskip=10.0pt
* \footskip=30.0pt
* \marginparwidth=65.0pt
* \marginparsep=11.0pt
* \columnsep=10.0pt
* \skip\footins=9.0pt plus 4.0pt minus 2.0pt
* \hoffset=0.0pt
* \voffset=0.0pt
* \mag=1000
* \@twocolumnfalse
* \@twosidefalse
* \@mparswitchfalse
* \@reversemarginfalse
* (1in=72.27pt=25.4mm, 1cm=28.453pt)

(/usr/local/texlive/2014/texmf-dist/tex/latex/ms/ragged2e.sty
Package: ragged2e 2009/05/21 v2.1 ragged2e Package (MS)

(/usr/local/texlive/2014/texmf-dist/tex/latex/ms/everysel.sty
Package: everysel 2011/10/28 v1.2 EverySelectfont Package (MS)

ABD: EverySelectfont initializing macros
LaTeX Info: Redefining \selectfont on input line 126.
)
\CenteringLeftskip=\skip47
\RaggedLeftLeftskip=\skip48
\RaggedRightLeftskip=\skip49
\CenteringRightskip=\skip50
\RaggedLeftRightskip=\skip51
\RaggedRightRightskip=\skip52
\CenteringParfillskip=\skip53
\RaggedLeftParfillskip=\skip54
\RaggedRightParfillskip=\skip55
\JustifyingParfillskip=\skip56
\CenteringParindent=\skip57
\RaggedLeftParindent=\skip58
\RaggedRightParindent=\skip59
\JustifyingParindent=\skip60
)
Package color Info: Redefining color shadecolor on input line 68.

<figure/A1_neighbor_plot.jpg, id=1, 481.8pt x 481.8pt>
File: figure/A1_neighbor_plot.jpg Graphic file (type jpg)

<use figure/A1_neighbor_plot.jpg>
Package pdftex.def Info: figure/A1_neighbor_plot.jpg used on input line 69.
(pdftex.def)             Requested size: 313.16628pt x 313.16628pt.
 (./A1_neighbor_plot.txt)
LaTeX Font Info:    Try loading font information for U+msa on input line 77.

(/usr/local/texlive/2014/texmf-dist/tex/latex/amsfonts/umsa.fd
File: umsa.fd 2013/01/14 v3.01 AMS symbols A
)
LaTeX Font Info:    Try loading font information for U+msb on input line 77.

(/usr/local/texlive/2014/texmf-dist/tex/latex/amsfonts/umsb.fd
File: umsb.fd 2013/01/14 v3.01 AMS symbols B
)
Overfull \hbox (176.60687pt too wide) in paragraph at lines 73--78
[]$[]$ 
 []

Package color Info: Redefining color shadecolor on input line 82.
<figure/A1_plot_norm_median.jpg, id=2, 481.8pt x 481.8pt>
File: figure/A1_plot_norm_median.jpg Graphic file (type jpg)

<use figure/A1_plot_norm_median.jpg>
Package pdftex.def Info: figure/A1_plot_norm_median.jpg used on input line 83.
(pdftex.def)             Requested size: 313.16628pt x 313.16628pt.
 (./A1_plot_norm_median.txt)
Overfull \hbox (176.60687pt too wide) in paragraph at lines 88--93
[]$[]$ 
 []

Package color Info: Redefining color shadecolor on input line 97.
<figure/A1_day_of_week_plot.jpg, id=3, 481.8pt x 481.8pt>
File: figure/A1_day_of_week_plot.jpg Graphic file (type jpg)

<use figure/A1_day_of_week_plot.jpg>
Package pdftex.def Info: figure/A1_day_of_week_plot.jpg used on input line 98.
(pdftex.def)             Requested size: 313.16628pt x 313.16628pt.
 (./A1_day_of_week_plot.txt)
Overfull \hbox (176.60687pt too wide) in paragraph at lines 103--108
[]$[]$ 
 []

Package color Info: Redefining color shadecolor on input line 112.
[1

{/usr/local/texlive/2014/texmf-var/fonts/map/pdftex/updmap/pdftex.map} <./figur
e/A1_neighbor_plot.jpg> <./figure/A1_plot_norm_median.jpg>]
<figure/A1_correlaciones.jpg, id=10, 481.8pt x 481.8pt>
File: figure/A1_correlaciones.jpg Graphic file (type jpg)

<use figure/A1_correlaciones.jpg>
Package pdftex.def Info: figure/A1_correlaciones.jpg used on input line 113.
(pdftex.def)             Requested size: 361.3491pt x 361.3491pt.
 (./A1_correlaciones.txt
Missing character: There is no Ã in font cmr10!
Missing character: There is no ± in font cmr10!
)
Overfull \hbox (176.60687pt too wide) in paragraph at lines 117--122
[]$[]$ 
 []

[2 <./figure/A1_day_of_week_plot.jpg> <./figure/A1_correlaciones.jpg>]
Package color Info: Redefining color shadecolor on input line 132.

<figure/A2_neighbor_plot.jpg, id=14, 481.8pt x 481.8pt>
File: figure/A2_neighbor_plot.jpg Graphic file (type jpg)

<use figure/A2_neighbor_plot.jpg>
Package pdftex.def Info: figure/A2_neighbor_plot.jpg used on input line 133.
(pdftex.def)             Requested size: 313.16628pt x 313.16628pt.
 (./A2_neighbor_plot.txt
Missing character: There is no Ã in font cmr10!
Missing character: There is no ¡ in font cmr10!
)
Overfull \hbox (176.60687pt too wide) in paragraph at lines 137--142
[]$[]$ 
 []

Package color Info: Redefining color shadecolor on input line 146.
<figure/A2_plot_norm_median.jpg, id=15, 481.8pt x 481.8pt>
File: figure/A2_plot_norm_median.jpg Graphic file (type jpg)

<use figure/A2_plot_norm_median.jpg>
Package pdftex.def Info: figure/A2_plot_norm_median.jpg used on input line 147.

(pdftex.def)             Requested size: 313.16628pt x 313.16628pt.
 (./A2_plot_norm_median.txt
Missing character: There is no Ã in font cmr10!
Missing character: There is no ± in font cmr10!
)
Overfull \hbox (176.60687pt too wide) in paragraph at lines 152--157
[]$[]$ 
 []

Package color Info: Redefining color shadecolor on input line 161.
<figure/A2_day_of_week_plot.jpg, id=16, 481.8pt x 481.8pt>
File: figure/A2_day_of_week_plot.jpg Graphic file (type jpg)

<use figure/A2_day_of_week_plot.jpg>
Package pdftex.def Info: figure/A2_day_of_week_plot.jpg used on input line 162.

(pdftex.def)             Requested size: 313.16628pt x 313.16628pt.
 (./A2_day_of_week_plot.txt)
Overfull \hbox (176.60687pt too wide) in paragraph at lines 167--172
[]$[]$ 
 []

Package color Info: Redefining color shadecolor on input line 176.
[3 <./figure/A2_neighbor_plot.jpg> <./figure/A2_plot_norm_median.jpg>]
<figure/A2_correlaciones.jpg, id=20, 481.8pt x 481.8pt>
File: figure/A2_correlaciones.jpg Graphic file (type jpg)

<use figure/A2_correlaciones.jpg>
Package pdftex.def Info: figure/A2_correlaciones.jpg used on input line 177.
(pdftex.def)             Requested size: 361.3491pt x 361.3491pt.
 (./A2_correlaciones.txt
Missing character: There is no Ã in font cmr10!
Missing character: There is no ± in font cmr10!
)
Overfull \hbox (176.60687pt too wide) in paragraph at lines 181--186
[]$[]$ 
 []

[4 <./figure/A2_day_of_week_plot.jpg> <./figure/A2_correlaciones.jpg>]
Package color Info: Redefining color shadecolor on input line 195.

<figure/A3_neighbor_plot.jpg, id=24, 481.8pt x 481.8pt>
File: figure/A3_neighbor_plot.jpg Graphic file (type jpg)

<use figure/A3_neighbor_plot.jpg>
Package pdftex.def Info: figure/A3_neighbor_plot.jpg used on input line 196.
(pdftex.def)             Requested size: 313.16628pt x 313.16628pt.
 (./A3_neighbor_plot.txt
Missing character: There is no Ã in font cmr10!
Missing character: There is no ¡ in font cmr10!
)
Overfull \hbox (176.60687pt too wide) in paragraph at lines 200--205
[]$[]$ 
 []

Package color Info: Redefining color shadecolor on input line 209.
<figure/A3_plot_norm_median.jpg, id=25, 481.8pt x 481.8pt>
File: figure/A3_plot_norm_median.jpg Graphic file (type jpg)

<use figure/A3_plot_norm_median.jpg>
Package pdftex.def Info: figure/A3_plot_norm_median.jpg used on input line 210.

(pdftex.def)             Requested size: 313.16628pt x 313.16628pt.
 (./A3_plot_norm_median.txt)
Overfull \hbox (176.60687pt too wide) in paragraph at lines 215--220
[]$[]$ 
 []

Package color Info: Redefining color shadecolor on input line 224.
<figure/A3_day_of_week_plot.jpg, id=26, 481.8pt x 481.8pt>
File: figure/A3_day_of_week_plot.jpg Graphic file (type jpg)

<use figure/A3_day_of_week_plot.jpg>
Package pdftex.def Info: figure/A3_day_of_week_plot.jpg used on input line 225.

(pdftex.def)             Requested size: 313.16628pt x 313.16628pt.
 (./A3_day_of_week_plot.txt)
Overfull \hbox (176.60687pt too wide) in paragraph at lines 230--235
[]$[]$ 
 []

Package color Info: Redefining color shadecolor on input line 239.
[5 <./figure/A3_neighbor_plot.jpg> <./figure/A3_plot_norm_median.jpg>]
<figure/A3_correlaciones.jpg, id=30, 481.8pt x 481.8pt>
File: figure/A3_correlaciones.jpg Graphic file (type jpg)

<use figure/A3_correlaciones.jpg>
Package pdftex.def Info: figure/A3_correlaciones.jpg used on input line 240.
(pdftex.def)             Requested size: 361.3491pt x 361.3491pt.
 (./A3_correlaciones.txt
Missing character: There is no Ã in font cmr10!
Missing character: There is no ± in font cmr10!
)
Overfull \hbox (176.60687pt too wide) in paragraph at lines 244--249
[]$[]$ 
 []

[6 <./figure/A3_day_of_week_plot.jpg> <./figure/A3_correlaciones.jpg>]
Package color Info: Redefining color shadecolor on input line 258.

<figure/A4_neighbor_plot.jpg, id=34, 481.8pt x 481.8pt>
File: figure/A4_neighbor_plot.jpg Graphic file (type jpg)

<use figure/A4_neighbor_plot.jpg>
Package pdftex.def Info: figure/A4_neighbor_plot.jpg used on input line 259.
(pdftex.def)             Requested size: 313.16628pt x 313.16628pt.
 (./A4_neighbor_plot.txt
Missing character: There is no Ã in font cmr10!
Missing character: There is no ¡ in font cmr10!
)
Overfull \hbox (176.60687pt too wide) in paragraph at lines 263--268
[]$[]$ 
 []

Package color Info: Redefining color shadecolor on input line 272.
<figure/A4_plot_norm_median.jpg, id=35, 481.8pt x 481.8pt>
File: figure/A4_plot_norm_median.jpg Graphic file (type jpg)

<use figure/A4_plot_norm_median.jpg>
Package pdftex.def Info: figure/A4_plot_norm_median.jpg used on input line 273.

(pdftex.def)             Requested size: 313.16628pt x 313.16628pt.
 (./A4_plot_norm_median.txt)
Overfull \hbox (176.60687pt too wide) in paragraph at lines 278--283
[]$[]$ 
 []

Package color Info: Redefining color shadecolor on input line 287.
<figure/A4_day_of_week_plot.jpg, id=36, 481.8pt x 481.8pt>
File: figure/A4_day_of_week_plot.jpg Graphic file (type jpg)

<use figure/A4_day_of_week_plot.jpg>
Package pdftex.def Info: figure/A4_day_of_week_plot.jpg used on input line 288.

(pdftex.def)             Requested size: 313.16628pt x 313.16628pt.
 (./A4_day_of_week_plot.txt)
Overfull \hbox (176.60687pt too wide) in paragraph at lines 293--298
[]$[]$ 
 []

Package color Info: Redefining color shadecolor on input line 302.
[7 <./figure/A4_neighbor_plot.jpg> <./figure/A4_plot_norm_median.jpg>]
<figure/A4_correlaciones.jpg, id=41, 481.8pt x 481.8pt>
File: figure/A4_correlaciones.jpg Graphic file (type jpg)

<use figure/A4_correlaciones.jpg>
Package pdftex.def Info: figure/A4_correlaciones.jpg used on input line 303.
(pdftex.def)             Requested size: 361.3491pt x 361.3491pt.
 (./A4_correlaciones.txt
Missing character: There is no Ã in font cmr10!
Missing character: There is no ± in font cmr10!
)
Overfull \hbox (176.60687pt too wide) in paragraph at lines 307--312
[]$[]$ 
 []

[8 <./figure/A4_day_of_week_plot.jpg> <./figure/A4_correlaciones.jpg>]
Package color Info: Redefining color shadecolor on input line 321.

<figure/A5_neighbor_plot.jpg, id=45, 481.8pt x 481.8pt>
File: figure/A5_neighbor_plot.jpg Graphic file (type jpg)

<use figure/A5_neighbor_plot.jpg>
Package pdftex.def Info: figure/A5_neighbor_plot.jpg used on input line 322.
(pdftex.def)             Requested size: 313.16628pt x 313.16628pt.
 (./A5_neighbor_plot.txt
Missing character: There is no Ã in font cmr10!
Missing character: There is no ¡ in font cmr10!
)
Overfull \hbox (176.60687pt too wide) in paragraph at lines 326--331
[]$[]$ 
 []

Package color Info: Redefining color shadecolor on input line 335.
<figure/A5_plot_norm_median.jpg, id=46, 481.8pt x 481.8pt>
File: figure/A5_plot_norm_median.jpg Graphic file (type jpg)

<use figure/A5_plot_norm_median.jpg>
Package pdftex.def Info: figure/A5_plot_norm_median.jpg used on input line 336.

(pdftex.def)             Requested size: 313.16628pt x 313.16628pt.
 (./A5_plot_norm_median.txt)
Overfull \hbox (176.60687pt too wide) in paragraph at lines 341--346
[]$[]$ 
 []

Package color Info: Redefining color shadecolor on input line 350.
<figure/A5_day_of_week_plot.jpg, id=47, 481.8pt x 481.8pt>
File: figure/A5_day_of_week_plot.jpg Graphic file (type jpg)

<use figure/A5_day_of_week_plot.jpg>
Package pdftex.def Info: figure/A5_day_of_week_plot.jpg used on input line 351.

(pdftex.def)             Requested size: 313.16628pt x 313.16628pt.
 (./A5_day_of_week_plot.txt)
Overfull \hbox (176.60687pt too wide) in paragraph at lines 356--361
[]$[]$ 
 []

Package color Info: Redefining color shadecolor on input line 365.
[9 <./figure/A5_neighbor_plot.jpg> <./figure/A5_plot_norm_median.jpg>]
<figure/A5_correlaciones.jpg, id=51, 481.8pt x 481.8pt>
File: figure/A5_correlaciones.jpg Graphic file (type jpg)

<use figure/A5_correlaciones.jpg>
Package pdftex.def Info: figure/A5_correlaciones.jpg used on input line 366.
(pdftex.def)             Requested size: 361.3491pt x 361.3491pt.
 (./A5_correlaciones.txt
Missing character: There is no Ã in font cmr10!
Missing character: There is no ± in font cmr10!
)
Overfull \hbox (176.60687pt too wide) in paragraph at lines 370--375
[]$[]$ 
 []

[10 <./figure/A5_day_of_week_plot.jpg> <./figure/A5_correlaciones.jpg>]
Package color Info: Redefining color shadecolor on input line 384.

<figure/A6_neighbor_plot.jpg, id=55, 481.8pt x 481.8pt>
File: figure/A6_neighbor_plot.jpg Graphic file (type jpg)

<use figure/A6_neighbor_plot.jpg>
Package pdftex.def Info: figure/A6_neighbor_plot.jpg used on input line 385.
(pdftex.def)             Requested size: 313.16628pt x 313.16628pt.
 (./A6_neighbor_plot.txt)
Overfull \hbox (176.60687pt too wide) in paragraph at lines 389--394
[]$[]$ 
 []

Package color Info: Redefining color shadecolor on input line 398.
<figure/A6_plot_norm_median.jpg, id=56, 481.8pt x 481.8pt>
File: figure/A6_plot_norm_median.jpg Graphic file (type jpg)

<use figure/A6_plot_norm_median.jpg>
Package pdftex.def Info: figure/A6_plot_norm_median.jpg used on input line 399.

(pdftex.def)             Requested size: 313.16628pt x 313.16628pt.
 (./A6_plot_norm_median.txt
Missing character: There is no Ã in font cmr10!
Missing character: There is no ± in font cmr10!
)
Overfull \hbox (176.60687pt too wide) in paragraph at lines 404--409
[]$[]$ 
 []

Package color Info: Redefining color shadecolor on input line 413.
<figure/A6_day_of_week_plot.jpg, id=57, 481.8pt x 481.8pt>
File: figure/A6_day_of_week_plot.jpg Graphic file (type jpg)

<use figure/A6_day_of_week_plot.jpg>
Package pdftex.def Info: figure/A6_day_of_week_plot.jpg used on input line 414.

(pdftex.def)             Requested size: 313.16628pt x 313.16628pt.
 (./A6_day_of_week_plot.txt)
Overfull \hbox (176.60687pt too wide) in paragraph at lines 419--424
[]$[]$ 
 []

Package color Info: Redefining color shadecolor on input line 428.
[11 <./figure/A6_neighbor_plot.jpg> <./figure/A6_plot_norm_median.jpg>]
<figure/A6_correlaciones.jpg, id=61, 481.8pt x 481.8pt>
File: figure/A6_correlaciones.jpg Graphic file (type jpg)

<use figure/A6_correlaciones.jpg>
Package pdftex.def Info: figure/A6_correlaciones.jpg used on input line 429.
(pdftex.def)             Requested size: 361.3491pt x 361.3491pt.
 (./A6_correlaciones.txt
Missing character: There is no Ã in font cmr10!
Missing character: There is no ± in font cmr10!
)
Overfull \hbox (176.60687pt too wide) in paragraph at lines 433--438
[]$[]$ 
 []

[12 <./figure/A6_day_of_week_plot.jpg> <./figure/A6_correlaciones.jpg>]
Package color Info: Redefining color shadecolor on input line 448.

<figure/A7_neighbor_plot.jpg, id=65, 481.8pt x 481.8pt>
File: figure/A7_neighbor_plot.jpg Graphic file (type jpg)

<use figure/A7_neighbor_plot.jpg>
Package pdftex.def Info: figure/A7_neighbor_plot.jpg used on input line 449.
(pdftex.def)             Requested size: 313.16628pt x 313.16628pt.
 (./A7_neighbor_plot.txt
Missing character: There is no Ã in font cmr10!
Missing character: There is no ¡ in font cmr10!
)
Overfull \hbox (176.60687pt too wide) in paragraph at lines 453--458
[]$[]$ 
 []

Package color Info: Redefining color shadecolor on input line 462.
<figure/A7_plot_norm_median.jpg, id=66, 481.8pt x 481.8pt>
File: figure/A7_plot_norm_median.jpg Graphic file (type jpg)

<use figure/A7_plot_norm_median.jpg>
Package pdftex.def Info: figure/A7_plot_norm_median.jpg used on input line 463.

(pdftex.def)             Requested size: 313.16628pt x 313.16628pt.
 (./A7_plot_norm_median.txt)
Overfull \hbox (176.60687pt too wide) in paragraph at lines 468--473
[]$[]$ 
 []

Package color Info: Redefining color shadecolor on input line 477.
<figure/A7_day_of_week_plot.jpg, id=67, 481.8pt x 481.8pt>
File: figure/A7_day_of_week_plot.jpg Graphic file (type jpg)

<use figure/A7_day_of_week_plot.jpg>
Package pdftex.def Info: figure/A7_day_of_week_plot.jpg used on input line 478.

(pdftex.def)             Requested size: 313.16628pt x 313.16628pt.
 (./A7_day_of_week_plot.txt)
Overfull \hbox (176.60687pt too wide) in paragraph at lines 483--488
[]$[]$ 
 []

Package color Info: Redefining color shadecolor on input line 492.
[13 <./figure/A7_neighbor_plot.jpg> <./figure/A7_plot_norm_median.jpg>]
<figure/A7_correlaciones.jpg, id=72, 481.8pt x 481.8pt>
File: figure/A7_correlaciones.jpg Graphic file (type jpg)

<use figure/A7_correlaciones.jpg>
Package pdftex.def Info: figure/A7_correlaciones.jpg used on input line 493.
(pdftex.def)             Requested size: 361.3491pt x 361.3491pt.
 (./A7_correlaciones.txt
Missing character: There is no Ã in font cmr10!
Missing character: There is no ± in font cmr10!
)
Overfull \hbox (176.60687pt too wide) in paragraph at lines 497--502
[]$[]$ 
 []

[14 <./figure/A7_day_of_week_plot.jpg> <./figure/A7_correlaciones.jpg>]
Package color Info: Redefining color shadecolor on input line 511.

<figure/A8_neighbor_plot.jpg, id=76, 481.8pt x 481.8pt>
File: figure/A8_neighbor_plot.jpg Graphic file (type jpg)

<use figure/A8_neighbor_plot.jpg>
Package pdftex.def Info: figure/A8_neighbor_plot.jpg used on input line 512.
(pdftex.def)             Requested size: 313.16628pt x 313.16628pt.
 (./A8_neighbor_plot.txt
Missing character: There is no Ã in font cmr10!
Missing character: There is no ¡ in font cmr10!
)
Overfull \hbox (176.60687pt too wide) in paragraph at lines 516--521
[]$[]$ 
 []

Package color Info: Redefining color shadecolor on input line 525.
<figure/A8_plot_norm_median.jpg, id=77, 481.8pt x 481.8pt>
File: figure/A8_plot_norm_median.jpg Graphic file (type jpg)

<use figure/A8_plot_norm_median.jpg>
Package pdftex.def Info: figure/A8_plot_norm_median.jpg used on input line 526.

(pdftex.def)             Requested size: 313.16628pt x 313.16628pt.
 (./A8_plot_norm_median.txt)
Overfull \hbox (176.60687pt too wide) in paragraph at lines 531--536
[]$[]$ 
 []

Package color Info: Redefining color shadecolor on input line 540.
<figure/A8_day_of_week_plot.jpg, id=78, 481.8pt x 481.8pt>
File: figure/A8_day_of_week_plot.jpg Graphic file (type jpg)

<use figure/A8_day_of_week_plot.jpg>
Package pdftex.def Info: figure/A8_day_of_week_plot.jpg used on input line 541.

(pdftex.def)             Requested size: 313.16628pt x 313.16628pt.
 (./A8_day_of_week_plot.txt)
Overfull \hbox (176.60687pt too wide) in paragraph at lines 546--551
[]$[]$ 
 []

Package color Info: Redefining color shadecolor on input line 555.
[15 <./figure/A8_neighbor_plot.jpg> <./figure/A8_plot_norm_median.jpg>]
<figure/A8_correlaciones.jpg, id=82, 481.8pt x 481.8pt>
File: figure/A8_correlaciones.jpg Graphic file (type jpg)

<use figure/A8_correlaciones.jpg>
Package pdftex.def Info: figure/A8_correlaciones.jpg used on input line 556.
(pdftex.def)             Requested size: 361.3491pt x 361.3491pt.
 (./A8_correlaciones.txt
Missing character: There is no Ã in font cmr10!
Missing character: There is no ± in font cmr10!
)
Overfull \hbox (176.60687pt too wide) in paragraph at lines 560--565
[]$[]$ 
 []

[16 <./figure/A8_day_of_week_plot.jpg> <./figure/A8_correlaciones.jpg>]
Package color Info: Redefining color shadecolor on input line 574.

<figure/A9_neighbor_plot.jpg, id=86, 481.8pt x 481.8pt>
File: figure/A9_neighbor_plot.jpg Graphic file (type jpg)

<use figure/A9_neighbor_plot.jpg>
Package pdftex.def Info: figure/A9_neighbor_plot.jpg used on input line 575.
(pdftex.def)             Requested size: 313.16628pt x 313.16628pt.
 (./A9_neighbor_plot.txt
Missing character: There is no Ã in font cmr10!
Missing character: There is no ¡ in font cmr10!
)
Overfull \hbox (176.60687pt too wide) in paragraph at lines 579--584
[]$[]$ 
 []

Package color Info: Redefining color shadecolor on input line 588.
<figure/A9_plot_norm_median.jpg, id=87, 481.8pt x 481.8pt>
File: figure/A9_plot_norm_median.jpg Graphic file (type jpg)

<use figure/A9_plot_norm_median.jpg>
Package pdftex.def Info: figure/A9_plot_norm_median.jpg used on input line 589.

(pdftex.def)             Requested size: 313.16628pt x 313.16628pt.
 (./A9_plot_norm_median.txt)
Overfull \hbox (176.60687pt too wide) in paragraph at lines 594--599
[]$[]$ 
 []

Package color Info: Redefining color shadecolor on input line 603.
<figure/A9_day_of_week_plot.jpg, id=88, 481.8pt x 481.8pt>
File: figure/A9_day_of_week_plot.jpg Graphic file (type jpg)

<use figure/A9_day_of_week_plot.jpg>
Package pdftex.def Info: figure/A9_day_of_week_plot.jpg used on input line 604.

(pdftex.def)             Requested size: 313.16628pt x 313.16628pt.
 (./A9_day_of_week_plot.txt)
Overfull \hbox (176.60687pt too wide) in paragraph at lines 609--614
[]$[]$ 
 []

Package color Info: Redefining color shadecolor on input line 618.
[17 <./figure/A9_neighbor_plot.jpg> <./figure/A9_plot_norm_median.jpg>]
<figure/A9_correlaciones.jpg, id=92, 481.8pt x 481.8pt>
File: figure/A9_correlaciones.jpg Graphic file (type jpg)

<use figure/A9_correlaciones.jpg>
Package pdftex.def Info: figure/A9_correlaciones.jpg used on input line 619.
(pdftex.def)             Requested size: 361.3491pt x 361.3491pt.
 (./A9_correlaciones.txt
Missing character: There is no Ã in font cmr10!
Missing character: There is no ± in font cmr10!
)
Overfull \hbox (176.60687pt too wide) in paragraph at lines 623--628
[]$[]$ 
 []

[18 <./figure/A9_day_of_week_plot.jpg> <./figure/A9_correlaciones.jpg>]
Package color Info: Redefining color shadecolor on input line 637.

<figure/A10_neighbor_plot.jpg, id=96, 481.8pt x 481.8pt>
File: figure/A10_neighbor_plot.jpg Graphic file (type jpg)

<use figure/A10_neighbor_plot.jpg>
Package pdftex.def Info: figure/A10_neighbor_plot.jpg used on input line 638.
(pdftex.def)             Requested size: 313.16628pt x 313.16628pt.
 (./A10_neighbor_plot.txt)
Overfull \hbox (176.60687pt too wide) in paragraph at lines 642--647
[]$[]$ 
 []

Package color Info: Redefining color shadecolor on input line 651.
<figure/A10_plot_norm_median.jpg, id=97, 481.8pt x 481.8pt>
File: figure/A10_plot_norm_median.jpg Graphic file (type jpg)

<use figure/A10_plot_norm_median.jpg>
Package pdftex.def Info: figure/A10_plot_norm_median.jpg used on input line 652
.
(pdftex.def)             Requested size: 313.16628pt x 313.16628pt.
 (./A10_plot_norm_median.txt
Missing character: There is no Ã in font cmr10!
Missing character: There is no ± in font cmr10!
)
Overfull \hbox (176.60687pt too wide) in paragraph at lines 657--662
[]$[]$ 
 []

Package color Info: Redefining color shadecolor on input line 666.
<figure/A10_day_of_week_plot.jpg, id=98, 481.8pt x 481.8pt>
File: figure/A10_day_of_week_plot.jpg Graphic file (type jpg)

<use figure/A10_day_of_week_plot.jpg>
Package pdftex.def Info: figure/A10_day_of_week_plot.jpg used on input line 667
.
(pdftex.def)             Requested size: 313.16628pt x 313.16628pt.
 (./A10_day_of_week_plot.txt)
Overfull \hbox (176.60687pt too wide) in paragraph at lines 672--677
[]$[]$ 
 []

Package color Info: Redefining color shadecolor on input line 681.
[19 <./figure/A10_neighbor_plot.jpg> <./figure/A10_plot_norm_median.jpg>]
<figure/A10_correlaciones.jpg, id=103, 481.8pt x 481.8pt>
File: figure/A10_correlaciones.jpg Graphic file (type jpg)

<use figure/A10_correlaciones.jpg>
Package pdftex.def Info: figure/A10_correlaciones.jpg used on input line 682.
(pdftex.def)             Requested size: 361.3491pt x 361.3491pt.
 (./A10_correlaciones.txt
Missing character: There is no Ã in font cmr10!
Missing character: There is no ± in font cmr10!
)
Overfull \hbox (176.60687pt too wide) in paragraph at lines 686--691
[]$[]$ 
 []

[20 <./figure/A10_day_of_week_plot.jpg> <./figure/A10_correlaciones.jpg>]
Package color Info: Redefining color shadecolor on input line 700.

<figure/A11_neighbor_plot.jpg, id=107, 481.8pt x 481.8pt>
File: figure/A11_neighbor_plot.jpg Graphic file (type jpg)

<use figure/A11_neighbor_plot.jpg>
Package pdftex.def Info: figure/A11_neighbor_plot.jpg used on input line 701.
(pdftex.def)             Requested size: 313.16628pt x 313.16628pt.
 (./A11_neighbor_plot.txt)
Overfull \hbox (176.60687pt too wide) in paragraph at lines 705--710
[]$[]$ 
 []

Package color Info: Redefining color shadecolor on input line 714.
<figure/A11_plot_norm_median.jpg, id=108, 481.8pt x 481.8pt>
File: figure/A11_plot_norm_median.jpg Graphic file (type jpg)

<use figure/A11_plot_norm_median.jpg>
Package pdftex.def Info: figure/A11_plot_norm_median.jpg used on input line 715
.
(pdftex.def)             Requested size: 313.16628pt x 313.16628pt.
 (./A11_plot_norm_median.txt)
Overfull \hbox (176.60687pt too wide) in paragraph at lines 720--725
[]$[]$ 
 []

Package color Info: Redefining color shadecolor on input line 729.
<figure/A11_day_of_week_plot.jpg, id=109, 481.8pt x 481.8pt>
File: figure/A11_day_of_week_plot.jpg Graphic file (type jpg)

<use figure/A11_day_of_week_plot.jpg>
Package pdftex.def Info: figure/A11_day_of_week_plot.jpg used on input line 730
.
(pdftex.def)             Requested size: 313.16628pt x 313.16628pt.
 (./A11_day_of_week_plot.txt)
Overfull \hbox (176.60687pt too wide) in paragraph at lines 735--740
[]$[]$ 
 []

Package color Info: Redefining color shadecolor on input line 744.
[21 <./figure/A11_neighbor_plot.jpg> <./figure/A11_plot_norm_median.jpg>]
<figure/A11_correlaciones.jpg, id=113, 481.8pt x 481.8pt>
File: figure/A11_correlaciones.jpg Graphic file (type jpg)

<use figure/A11_correlaciones.jpg>
Package pdftex.def Info: figure/A11_correlaciones.jpg used on input line 745.
(pdftex.def)             Requested size: 361.3491pt x 361.3491pt.
 (./A11_correlaciones.txt
Missing character: There is no Ã in font cmr10!
Missing character: There is no ± in font cmr10!
)
Overfull \hbox (176.60687pt too wide) in paragraph at lines 749--754
[]$[]$ 
 []

[22 <./figure/A11_day_of_week_plot.jpg> <./figure/A11_correlaciones.jpg>]
Package color Info: Redefining color shadecolor on input line 763.

<figure/A12_neighbor_plot.jpg, id=117, 481.8pt x 481.8pt>
File: figure/A12_neighbor_plot.jpg Graphic file (type jpg)

<use figure/A12_neighbor_plot.jpg>
Package pdftex.def Info: figure/A12_neighbor_plot.jpg used on input line 764.
(pdftex.def)             Requested size: 313.16628pt x 313.16628pt.
 (./A12_neighbor_plot.txt)
Overfull \hbox (176.60687pt too wide) in paragraph at lines 768--773
[]$[]$ 
 []

Package color Info: Redefining color shadecolor on input line 777.
<figure/A12_plot_norm_median.jpg, id=118, 481.8pt x 481.8pt>
File: figure/A12_plot_norm_median.jpg Graphic file (type jpg)

<use figure/A12_plot_norm_median.jpg>
Package pdftex.def Info: figure/A12_plot_norm_median.jpg used on input line 778
.
(pdftex.def)             Requested size: 313.16628pt x 313.16628pt.
 (./A12_plot_norm_median.txt)
Overfull \hbox (176.60687pt too wide) in paragraph at lines 783--788
[]$[]$ 
 []

Package color Info: Redefining color shadecolor on input line 792.
<figure/A12_day_of_week_plot.jpg, id=119, 481.8pt x 481.8pt>
File: figure/A12_day_of_week_plot.jpg Graphic file (type jpg)

<use figure/A12_day_of_week_plot.jpg>
Package pdftex.def Info: figure/A12_day_of_week_plot.jpg used on input line 793
.
(pdftex.def)             Requested size: 313.16628pt x 313.16628pt.
 (./A12_day_of_week_plot.txt)
Overfull \hbox (176.60687pt too wide) in paragraph at lines 798--803
[]$[]$ 
 []

Package color Info: Redefining color shadecolor on input line 807.
[23 <./figure/A12_neighbor_plot.jpg> <./figure/A12_plot_norm_median.jpg>]
<figure/A12_correlaciones.jpg, id=123, 481.8pt x 481.8pt>
File: figure/A12_correlaciones.jpg Graphic file (type jpg)

<use figure/A12_correlaciones.jpg>
Package pdftex.def Info: figure/A12_correlaciones.jpg used on input line 808.
(pdftex.def)             Requested size: 361.3491pt x 361.3491pt.
 (./A12_correlaciones.txt
Missing character: There is no Ã in font cmr10!
Missing character: There is no ± in font cmr10!
)
Overfull \hbox (176.60687pt too wide) in paragraph at lines 812--817
[]$[]$ 
 []

[24 <./figure/A12_day_of_week_plot.jpg> <./figure/A12_correlaciones.jpg>]
Package color Info: Redefining color shadecolor on input line 826.

<figure/A13_neighbor_plot.jpg, id=127, 481.8pt x 481.8pt>
File: figure/A13_neighbor_plot.jpg Graphic file (type jpg)

<use figure/A13_neighbor_plot.jpg>
Package pdftex.def Info: figure/A13_neighbor_plot.jpg used on input line 827.
(pdftex.def)             Requested size: 313.16628pt x 313.16628pt.
 (./A13_neighbor_plot.txt)
Overfull \hbox (176.60687pt too wide) in paragraph at lines 831--836
[]$[]$ 
 []

Package color Info: Redefining color shadecolor on input line 840.
<figure/A13_plot_norm_median.jpg, id=128, 481.8pt x 481.8pt>
File: figure/A13_plot_norm_median.jpg Graphic file (type jpg)

<use figure/A13_plot_norm_median.jpg>
Package pdftex.def Info: figure/A13_plot_norm_median.jpg used on input line 841
.
(pdftex.def)             Requested size: 313.16628pt x 313.16628pt.
 (./A13_plot_norm_median.txt)
Overfull \hbox (176.60687pt too wide) in paragraph at lines 846--851
[]$[]$ 
 []

Package color Info: Redefining color shadecolor on input line 855.
<figure/A13_day_of_week_plot.jpg, id=129, 481.8pt x 481.8pt>
File: figure/A13_day_of_week_plot.jpg Graphic file (type jpg)

<use figure/A13_day_of_week_plot.jpg>
Package pdftex.def Info: figure/A13_day_of_week_plot.jpg used on input line 856
.
(pdftex.def)             Requested size: 313.16628pt x 313.16628pt.
 (./A13_day_of_week_plot.txt)
Overfull \hbox (176.60687pt too wide) in paragraph at lines 861--866
[]$[]$ 
 []

Package color Info: Redefining color shadecolor on input line 870.
[25 <./figure/A13_neighbor_plot.jpg> <./figure/A13_plot_norm_median.jpg>]
<figure/A13_correlaciones.jpg, id=134, 481.8pt x 481.8pt>
File: figure/A13_correlaciones.jpg Graphic file (type jpg)

<use figure/A13_correlaciones.jpg>
Package pdftex.def Info: figure/A13_correlaciones.jpg used on input line 871.
(pdftex.def)             Requested size: 361.3491pt x 361.3491pt.
 (./A13_correlaciones.txt
Missing character: There is no Ã in font cmr10!
Missing character: There is no ± in font cmr10!
)
Overfull \hbox (176.60687pt too wide) in paragraph at lines 875--880
[]$[]$ 
 []

[26 <./figure/A13_day_of_week_plot.jpg> <./figure/A13_correlaciones.jpg>]
Package color Info: Redefining color shadecolor on input line 889.

<figure/A14_neighbor_plot.jpg, id=138, 481.8pt x 481.8pt>
File: figure/A14_neighbor_plot.jpg Graphic file (type jpg)

<use figure/A14_neighbor_plot.jpg>
Package pdftex.def Info: figure/A14_neighbor_plot.jpg used on input line 890.
(pdftex.def)             Requested size: 313.16628pt x 313.16628pt.
 (./A14_neighbor_plot.txt)
Overfull \hbox (176.60687pt too wide) in paragraph at lines 894--899
[]$[]$ 
 []

Package color Info: Redefining color shadecolor on input line 903.
<figure/A14_plot_norm_median.jpg, id=139, 481.8pt x 481.8pt>
File: figure/A14_plot_norm_median.jpg Graphic file (type jpg)

<use figure/A14_plot_norm_median.jpg>
Package pdftex.def Info: figure/A14_plot_norm_median.jpg used on input line 904
.
(pdftex.def)             Requested size: 313.16628pt x 313.16628pt.
 (./A14_plot_norm_median.txt)
Overfull \hbox (176.60687pt too wide) in paragraph at lines 909--914
[]$[]$ 
 []

Package color Info: Redefining color shadecolor on input line 918.
<figure/A14_day_of_week_plot.jpg, id=140, 481.8pt x 481.8pt>
File: figure/A14_day_of_week_plot.jpg Graphic file (type jpg)

<use figure/A14_day_of_week_plot.jpg>
Package pdftex.def Info: figure/A14_day_of_week_plot.jpg used on input line 919
.
(pdftex.def)             Requested size: 313.16628pt x 313.16628pt.
 (./A14_day_of_week_plot.txt)
Overfull \hbox (176.60687pt too wide) in paragraph at lines 924--929
[]$[]$ 
 []

Package color Info: Redefining color shadecolor on input line 933.
[27 <./figure/A14_neighbor_plot.jpg> <./figure/A14_plot_norm_median.jpg>]
<figure/A14_correlaciones.jpg, id=144, 481.8pt x 481.8pt>
File: figure/A14_correlaciones.jpg Graphic file (type jpg)

<use figure/A14_correlaciones.jpg>
Package pdftex.def Info: figure/A14_correlaciones.jpg used on input line 934.
(pdftex.def)             Requested size: 361.3491pt x 361.3491pt.
 (./A14_correlaciones.txt
Missing character: There is no Ã in font cmr10!
Missing character: There is no ± in font cmr10!
)
Overfull \hbox (176.60687pt too wide) in paragraph at lines 938--943
[]$[]$ 
 []

[28 <./figure/A14_day_of_week_plot.jpg> <./figure/A14_correlaciones.jpg>]
Package color Info: Redefining color shadecolor on input line 952.

<figure/A15_neighbor_plot.jpg, id=148, 481.8pt x 481.8pt>
File: figure/A15_neighbor_plot.jpg Graphic file (type jpg)

<use figure/A15_neighbor_plot.jpg>
Package pdftex.def Info: figure/A15_neighbor_plot.jpg used on input line 953.
(pdftex.def)             Requested size: 313.16628pt x 313.16628pt.
 (./A15_neighbor_plot.txt
Missing character: There is no Ã in font cmr10!
Missing character: There is no ¡ in font cmr10!
)
Overfull \hbox (176.60687pt too wide) in paragraph at lines 957--962
[]$[]$ 
 []

Package color Info: Redefining color shadecolor on input line 966.
<figure/A15_plot_norm_median.jpg, id=149, 481.8pt x 481.8pt>
File: figure/A15_plot_norm_median.jpg Graphic file (type jpg)

<use figure/A15_plot_norm_median.jpg>
Package pdftex.def Info: figure/A15_plot_norm_median.jpg used on input line 967
.
(pdftex.def)             Requested size: 313.16628pt x 313.16628pt.
 (./A15_plot_norm_median.txt)
Overfull \hbox (176.60687pt too wide) in paragraph at lines 972--977
[]$[]$ 
 []

Package color Info: Redefining color shadecolor on input line 981.
<figure/A15_day_of_week_plot.jpg, id=150, 481.8pt x 481.8pt>
File: figure/A15_day_of_week_plot.jpg Graphic file (type jpg)

<use figure/A15_day_of_week_plot.jpg>
Package pdftex.def Info: figure/A15_day_of_week_plot.jpg used on input line 982
.
(pdftex.def)             Requested size: 313.16628pt x 313.16628pt.
 (./A15_day_of_week_plot.txt)
Overfull \hbox (176.60687pt too wide) in paragraph at lines 987--992
[]$[]$ 
 []

Package color Info: Redefining color shadecolor on input line 996.
[29 <./figure/A15_neighbor_plot.jpg> <./figure/A15_plot_norm_median.jpg>]
<figure/A15_correlaciones.jpg, id=154, 481.8pt x 481.8pt>
File: figure/A15_correlaciones.jpg Graphic file (type jpg)

<use figure/A15_correlaciones.jpg>
Package pdftex.def Info: figure/A15_correlaciones.jpg used on input line 997.
(pdftex.def)             Requested size: 361.3491pt x 361.3491pt.
 (./A15_correlaciones.txt
Missing character: There is no Ã in font cmr10!
Missing character: There is no ± in font cmr10!
)
Overfull \hbox (176.60687pt too wide) in paragraph at lines 1001--1006
[]$[]$ 
 []

[30 <./figure/A15_day_of_week_plot.jpg> <./figure/A15_correlaciones.jpg>]
Package color Info: Redefining color shadecolor on input line 1015.

<figure/A16_neighbor_plot.jpg, id=158, 481.8pt x 481.8pt>
File: figure/A16_neighbor_plot.jpg Graphic file (type jpg)

<use figure/A16_neighbor_plot.jpg>
Package pdftex.def Info: figure/A16_neighbor_plot.jpg used on input line 1016.
(pdftex.def)             Requested size: 313.16628pt x 313.16628pt.
 (./A16_neighbor_plot.txt)
Overfull \hbox (176.60687pt too wide) in paragraph at lines 1020--1025
[]$[]$ 
 []

Package color Info: Redefining color shadecolor on input line 1029.
<figure/A16_plot_norm_median.jpg, id=159, 481.8pt x 481.8pt>
File: figure/A16_plot_norm_median.jpg Graphic file (type jpg)

<use figure/A16_plot_norm_median.jpg>
Package pdftex.def Info: figure/A16_plot_norm_median.jpg used on input line 103
0.
(pdftex.def)             Requested size: 313.16628pt x 313.16628pt.
 (./A16_plot_norm_median.txt
Missing character: There is no Ã in font cmr10!
Missing character: There is no ± in font cmr10!
)
Overfull \hbox (176.60687pt too wide) in paragraph at lines 1035--1040
[]$[]$ 
 []

Package color Info: Redefining color shadecolor on input line 1044.
<figure/A16_day_of_week_plot.jpg, id=160, 481.8pt x 481.8pt>
File: figure/A16_day_of_week_plot.jpg Graphic file (type jpg)

<use figure/A16_day_of_week_plot.jpg>
Package pdftex.def Info: figure/A16_day_of_week_plot.jpg used on input line 104
5.
(pdftex.def)             Requested size: 313.16628pt x 313.16628pt.
 (./A16_day_of_week_plot.txt)
Overfull \hbox (176.60687pt too wide) in paragraph at lines 1050--1055
[]$[]$ 
 []

Package color Info: Redefining color shadecolor on input line 1059.
[31 <./figure/A16_neighbor_plot.jpg> <./figure/A16_plot_norm_median.jpg>]
<figure/A16_correlaciones.jpg, id=165, 481.8pt x 481.8pt>
File: figure/A16_correlaciones.jpg Graphic file (type jpg)

<use figure/A16_correlaciones.jpg>
Package pdftex.def Info: figure/A16_correlaciones.jpg used on input line 1060.
(pdftex.def)             Requested size: 361.3491pt x 361.3491pt.
 (./A16_correlaciones.txt
Missing character: There is no Ã in font cmr10!
Missing character: There is no ± in font cmr10!
)
Overfull \hbox (176.60687pt too wide) in paragraph at lines 1064--1069
[]$[]$ 
 []

[32 <./figure/A16_day_of_week_plot.jpg> <./figure/A16_correlaciones.jpg>]
Package color Info: Redefining color shadecolor on input line 1078.

<figure/A17_neighbor_plot.jpg, id=169, 481.8pt x 481.8pt>
File: figure/A17_neighbor_plot.jpg Graphic file (type jpg)

<use figure/A17_neighbor_plot.jpg>
Package pdftex.def Info: figure/A17_neighbor_plot.jpg used on input line 1079.
(pdftex.def)             Requested size: 313.16628pt x 313.16628pt.
 (./A17_neighbor_plot.txt)
Overfull \hbox (176.60687pt too wide) in paragraph at lines 1083--1088
[]$[]$ 
 []

Package color Info: Redefining color shadecolor on input line 1092.
<figure/A17_plot_norm_median.jpg, id=170, 481.8pt x 481.8pt>
File: figure/A17_plot_norm_median.jpg Graphic file (type jpg)

<use figure/A17_plot_norm_median.jpg>
Package pdftex.def Info: figure/A17_plot_norm_median.jpg used on input line 109
3.
(pdftex.def)             Requested size: 313.16628pt x 313.16628pt.
 (./A17_plot_norm_median.txt)
Overfull \hbox (176.60687pt too wide) in paragraph at lines 1098--1103
[]$[]$ 
 []

Package color Info: Redefining color shadecolor on input line 1107.
<figure/A17_day_of_week_plot.jpg, id=171, 481.8pt x 481.8pt>
File: figure/A17_day_of_week_plot.jpg Graphic file (type jpg)

<use figure/A17_day_of_week_plot.jpg>
Package pdftex.def Info: figure/A17_day_of_week_plot.jpg used on input line 110
8.
(pdftex.def)             Requested size: 313.16628pt x 313.16628pt.
 (./A17_day_of_week_plot.txt)
Overfull \hbox (176.60687pt too wide) in paragraph at lines 1113--1118
[]$[]$ 
 []

Package color Info: Redefining color shadecolor on input line 1122.
[33 <./figure/A17_neighbor_plot.jpg> <./figure/A17_plot_norm_median.jpg>]
<figure/A17_correlaciones.jpg, id=175, 481.8pt x 481.8pt>
File: figure/A17_correlaciones.jpg Graphic file (type jpg)

<use figure/A17_correlaciones.jpg>
Package pdftex.def Info: figure/A17_correlaciones.jpg used on input line 1123.
(pdftex.def)             Requested size: 361.3491pt x 361.3491pt.
 (./A17_correlaciones.txt
Missing character: There is no Ã in font cmr10!
Missing character: There is no ± in font cmr10!
)
Overfull \hbox (176.60687pt too wide) in paragraph at lines 1127--1132
[]$[]$ 
 []

[34 <./figure/A17_day_of_week_plot.jpg> <./figure/A17_correlaciones.jpg>]
Package color Info: Redefining color shadecolor on input line 1141.

<figure/A18_neighbor_plot.jpg, id=179, 481.8pt x 481.8pt>
File: figure/A18_neighbor_plot.jpg Graphic file (type jpg)

<use figure/A18_neighbor_plot.jpg>
Package pdftex.def Info: figure/A18_neighbor_plot.jpg used on input line 1142.
(pdftex.def)             Requested size: 313.16628pt x 313.16628pt.
 (./A18_neighbor_plot.txt)
Overfull \hbox (176.60687pt too wide) in paragraph at lines 1146--1151
[]$[]$ 
 []

Package color Info: Redefining color shadecolor on input line 1155.
<figure/A18_plot_norm_median.jpg, id=180, 481.8pt x 481.8pt>
File: figure/A18_plot_norm_median.jpg Graphic file (type jpg)

<use figure/A18_plot_norm_median.jpg>
Package pdftex.def Info: figure/A18_plot_norm_median.jpg used on input line 115
6.
(pdftex.def)             Requested size: 313.16628pt x 313.16628pt.
 (./A18_plot_norm_median.txt
Missing character: There is no Ã in font cmr10!
Missing character: There is no ± in font cmr10!
)
Overfull \hbox (176.60687pt too wide) in paragraph at lines 1161--1166
[]$[]$ 
 []

Package color Info: Redefining color shadecolor on input line 1170.
<figure/A18_day_of_week_plot.jpg, id=181, 481.8pt x 481.8pt>
File: figure/A18_day_of_week_plot.jpg Graphic file (type jpg)

<use figure/A18_day_of_week_plot.jpg>
Package pdftex.def Info: figure/A18_day_of_week_plot.jpg used on input line 117
1.
(pdftex.def)             Requested size: 313.16628pt x 313.16628pt.
 (./A18_day_of_week_plot.txt)
Overfull \hbox (176.60687pt too wide) in paragraph at lines 1176--1181
[]$[]$ 
 []

Package color Info: Redefining color shadecolor on input line 1185.
[35 <./figure/A18_neighbor_plot.jpg> <./figure/A18_plot_norm_median.jpg>]
<figure/A18_correlaciones.jpg, id=185, 481.8pt x 481.8pt>
File: figure/A18_correlaciones.jpg Graphic file (type jpg)

<use figure/A18_correlaciones.jpg>
Package pdftex.def Info: figure/A18_correlaciones.jpg used on input line 1186.
(pdftex.def)             Requested size: 361.3491pt x 361.3491pt.
 (./A18_correlaciones.txt
Missing character: There is no Ã in font cmr10!
Missing character: There is no ± in font cmr10!
)
Overfull \hbox (176.60687pt too wide) in paragraph at lines 1190--1195
[]$[]$ 
 []

[36 <./figure/A18_day_of_week_plot.jpg> <./figure/A18_correlaciones.jpg>]
Package color Info: Redefining color shadecolor on input line 1205.

<figure/A19_neighbor_plot.jpg, id=189, 481.8pt x 481.8pt>
File: figure/A19_neighbor_plot.jpg Graphic file (type jpg)

<use figure/A19_neighbor_plot.jpg>
Package pdftex.def Info: figure/A19_neighbor_plot.jpg used on input line 1206.
(pdftex.def)             Requested size: 313.16628pt x 313.16628pt.
 (./A19_neighbor_plot.txt)
Overfull \hbox (176.60687pt too wide) in paragraph at lines 1210--1215
[]$[]$ 
 []

Package color Info: Redefining color shadecolor on input line 1219.
<figure/A19_plot_norm_median.jpg, id=190, 481.8pt x 481.8pt>
File: figure/A19_plot_norm_median.jpg Graphic file (type jpg)

<use figure/A19_plot_norm_median.jpg>
Package pdftex.def Info: figure/A19_plot_norm_median.jpg used on input line 122
0.
(pdftex.def)             Requested size: 313.16628pt x 313.16628pt.
 (./A19_plot_norm_median.txt
Missing character: There is no Ã in font cmr10!
Missing character: There is no ± in font cmr10!
)
Overfull \hbox (176.60687pt too wide) in paragraph at lines 1225--1230
[]$[]$ 
 []

Package color Info: Redefining color shadecolor on input line 1234.
<figure/A19_day_of_week_plot.jpg, id=191, 481.8pt x 481.8pt>
File: figure/A19_day_of_week_plot.jpg Graphic file (type jpg)

<use figure/A19_day_of_week_plot.jpg>
Package pdftex.def Info: figure/A19_day_of_week_plot.jpg used on input line 123
5.
(pdftex.def)             Requested size: 313.16628pt x 313.16628pt.
 (./A19_day_of_week_plot.txt)
Overfull \hbox (176.60687pt too wide) in paragraph at lines 1240--1245
[]$[]$ 
 []

Package color Info: Redefining color shadecolor on input line 1249.
[37 <./figure/A19_neighbor_plot.jpg> <./figure/A19_plot_norm_median.jpg>]
<figure/A19_correlaciones.jpg, id=196, 481.8pt x 481.8pt>
File: figure/A19_correlaciones.jpg Graphic file (type jpg)

<use figure/A19_correlaciones.jpg>
Package pdftex.def Info: figure/A19_correlaciones.jpg used on input line 1250.
(pdftex.def)             Requested size: 361.3491pt x 361.3491pt.
 (./A19_correlaciones.txt
Missing character: There is no Ã in font cmr10!
Missing character: There is no ± in font cmr10!
)
Overfull \hbox (176.60687pt too wide) in paragraph at lines 1254--1259
[]$[]$ 
 []

[38 <./figure/A19_day_of_week_plot.jpg> <./figure/A19_correlaciones.jpg>]
Package color Info: Redefining color shadecolor on input line 1268.

<figure/A20_neighbor_plot.jpg, id=200, 481.8pt x 481.8pt>
File: figure/A20_neighbor_plot.jpg Graphic file (type jpg)

<use figure/A20_neighbor_plot.jpg>
Package pdftex.def Info: figure/A20_neighbor_plot.jpg used on input line 1269.
(pdftex.def)             Requested size: 313.16628pt x 313.16628pt.
 (./A20_neighbor_plot.txt
Missing character: There is no Ã in font cmr10!
Missing character: There is no ¡ in font cmr10!
)
Overfull \hbox (176.60687pt too wide) in paragraph at lines 1273--1278
[]$[]$ 
 []

Package color Info: Redefining color shadecolor on input line 1282.
<figure/A20_plot_norm_median.jpg, id=201, 481.8pt x 481.8pt>
File: figure/A20_plot_norm_median.jpg Graphic file (type jpg)

<use figure/A20_plot_norm_median.jpg>
Package pdftex.def Info: figure/A20_plot_norm_median.jpg used on input line 128
3.
(pdftex.def)             Requested size: 313.16628pt x 313.16628pt.
 (./A20_plot_norm_median.txt)
Overfull \hbox (176.60687pt too wide) in paragraph at lines 1288--1293
[]$[]$ 
 []

Package color Info: Redefining color shadecolor on input line 1297.
<figure/A20_day_of_week_plot.jpg, id=202, 481.8pt x 481.8pt>
File: figure/A20_day_of_week_plot.jpg Graphic file (type jpg)

<use figure/A20_day_of_week_plot.jpg>
Package pdftex.def Info: figure/A20_day_of_week_plot.jpg used on input line 129
8.
(pdftex.def)             Requested size: 313.16628pt x 313.16628pt.
 (./A20_day_of_week_plot.txt)
Overfull \hbox (176.60687pt too wide) in paragraph at lines 1303--1308
[]$[]$ 
 []

Package color Info: Redefining color shadecolor on input line 1312.
[39 <./figure/A20_neighbor_plot.jpg> <./figure/A20_plot_norm_median.jpg>]
<figure/A20_correlaciones.jpg, id=206, 481.8pt x 481.8pt>
File: figure/A20_correlaciones.jpg Graphic file (type jpg)

<use figure/A20_correlaciones.jpg>
Package pdftex.def Info: figure/A20_correlaciones.jpg used on input line 1313.
(pdftex.def)             Requested size: 361.3491pt x 361.3491pt.
 (./A20_correlaciones.txt
Missing character: There is no Ã in font cmr10!
Missing character: There is no ± in font cmr10!
)
Overfull \hbox (176.60687pt too wide) in paragraph at lines 1317--1322
[]$[]$ 
 []

[40 <./figure/A20_day_of_week_plot.jpg> <./figure/A20_correlaciones.jpg>]
Package color Info: Redefining color shadecolor on input line 1331.

<figure/A21_neighbor_plot.jpg, id=210, 481.8pt x 481.8pt>
File: figure/A21_neighbor_plot.jpg Graphic file (type jpg)

<use figure/A21_neighbor_plot.jpg>
Package pdftex.def Info: figure/A21_neighbor_plot.jpg used on input line 1332.
(pdftex.def)             Requested size: 313.16628pt x 313.16628pt.
 (./A21_neighbor_plot.txt)
Overfull \hbox (176.60687pt too wide) in paragraph at lines 1336--1341
[]$[]$ 
 []

Package color Info: Redefining color shadecolor on input line 1345.
<figure/A21_plot_norm_median.jpg, id=211, 481.8pt x 481.8pt>
File: figure/A21_plot_norm_median.jpg Graphic file (type jpg)

<use figure/A21_plot_norm_median.jpg>
Package pdftex.def Info: figure/A21_plot_norm_median.jpg used on input line 134
6.
(pdftex.def)             Requested size: 313.16628pt x 313.16628pt.
 (./A21_plot_norm_median.txt)
Overfull \hbox (176.60687pt too wide) in paragraph at lines 1351--1356
[]$[]$ 
 []

Package color Info: Redefining color shadecolor on input line 1360.
<figure/A21_day_of_week_plot.jpg, id=212, 481.8pt x 481.8pt>
File: figure/A21_day_of_week_plot.jpg Graphic file (type jpg)

<use figure/A21_day_of_week_plot.jpg>
Package pdftex.def Info: figure/A21_day_of_week_plot.jpg used on input line 136
1.
(pdftex.def)             Requested size: 313.16628pt x 313.16628pt.
 (./A21_day_of_week_plot.txt)
Overfull \hbox (176.60687pt too wide) in paragraph at lines 1366--1371
[]$[]$ 
 []

Package color Info: Redefining color shadecolor on input line 1375.
[41 <./figure/A21_neighbor_plot.jpg> <./figure/A21_plot_norm_median.jpg>]
<figure/A21_correlaciones.jpg, id=216, 481.8pt x 481.8pt>
File: figure/A21_correlaciones.jpg Graphic file (type jpg)

<use figure/A21_correlaciones.jpg>
Package pdftex.def Info: figure/A21_correlaciones.jpg used on input line 1376.
(pdftex.def)             Requested size: 361.3491pt x 361.3491pt.
 (./A21_correlaciones.txt
Missing character: There is no Ã in font cmr10!
Missing character: There is no ± in font cmr10!
)
Overfull \hbox (176.60687pt too wide) in paragraph at lines 1380--1385
[]$[]$ 
 []

[42 <./figure/A21_day_of_week_plot.jpg> <./figure/A21_correlaciones.jpg>]
Package color Info: Redefining color shadecolor on input line 1394.

<figure/A22_neighbor_plot.jpg, id=220, 481.8pt x 481.8pt>
File: figure/A22_neighbor_plot.jpg Graphic file (type jpg)

<use figure/A22_neighbor_plot.jpg>
Package pdftex.def Info: figure/A22_neighbor_plot.jpg used on input line 1395.
(pdftex.def)             Requested size: 313.16628pt x 313.16628pt.
 (./A22_neighbor_plot.txt)
Overfull \hbox (176.60687pt too wide) in paragraph at lines 1399--1404
[]$[]$ 
 []

Package color Info: Redefining color shadecolor on input line 1408.
<figure/A22_plot_norm_median.jpg, id=221, 481.8pt x 481.8pt>
File: figure/A22_plot_norm_median.jpg Graphic file (type jpg)

<use figure/A22_plot_norm_median.jpg>
Package pdftex.def Info: figure/A22_plot_norm_median.jpg used on input line 140
9.
(pdftex.def)             Requested size: 313.16628pt x 313.16628pt.
 (./A22_plot_norm_median.txt)
Overfull \hbox (176.60687pt too wide) in paragraph at lines 1414--1419
[]$[]$ 
 []

Package color Info: Redefining color shadecolor on input line 1423.
<figure/A22_day_of_week_plot.jpg, id=222, 481.8pt x 481.8pt>
File: figure/A22_day_of_week_plot.jpg Graphic file (type jpg)

<use figure/A22_day_of_week_plot.jpg>
Package pdftex.def Info: figure/A22_day_of_week_plot.jpg used on input line 142
4.
(pdftex.def)             Requested size: 313.16628pt x 313.16628pt.
 (./A22_day_of_week_plot.txt)
Overfull \hbox (176.60687pt too wide) in paragraph at lines 1429--1434
[]$[]$ 
 []

Package color Info: Redefining color shadecolor on input line 1438.
[43 <./figure/A22_neighbor_plot.jpg> <./figure/A22_plot_norm_median.jpg>]
<figure/A22_correlaciones.jpg, id=227, 481.8pt x 481.8pt>
File: figure/A22_correlaciones.jpg Graphic file (type jpg)

<use figure/A22_correlaciones.jpg>
Package pdftex.def Info: figure/A22_correlaciones.jpg used on input line 1439.
(pdftex.def)             Requested size: 361.3491pt x 361.3491pt.
 (./A22_correlaciones.txt
Missing character: There is no Ã in font cmr10!
Missing character: There is no ± in font cmr10!
)
Overfull \hbox (176.60687pt too wide) in paragraph at lines 1443--1448
[]$[]$ 
 []

[44 <./figure/A22_day_of_week_plot.jpg> <./figure/A22_correlaciones.jpg>]
Package color Info: Redefining color shadecolor on input line 1457.

<figure/A23_neighbor_plot.jpg, id=231, 481.8pt x 481.8pt>
File: figure/A23_neighbor_plot.jpg Graphic file (type jpg)

<use figure/A23_neighbor_plot.jpg>
Package pdftex.def Info: figure/A23_neighbor_plot.jpg used on input line 1458.
(pdftex.def)             Requested size: 313.16628pt x 313.16628pt.
 (./A23_neighbor_plot.txt
Missing character: There is no Ã in font cmr10!
Missing character: There is no ¡ in font cmr10!
)
Overfull \hbox (176.60687pt too wide) in paragraph at lines 1462--1467
[]$[]$ 
 []

Package color Info: Redefining color shadecolor on input line 1471.
<figure/A23_plot_norm_median.jpg, id=232, 481.8pt x 481.8pt>
File: figure/A23_plot_norm_median.jpg Graphic file (type jpg)

<use figure/A23_plot_norm_median.jpg>
Package pdftex.def Info: figure/A23_plot_norm_median.jpg used on input line 147
2.
(pdftex.def)             Requested size: 313.16628pt x 313.16628pt.
 (./A23_plot_norm_median.txt
Missing character: There is no Ã in font cmr10!
Missing character: There is no ± in font cmr10!
)
Overfull \hbox (176.60687pt too wide) in paragraph at lines 1477--1482
[]$[]$ 
 []

Package color Info: Redefining color shadecolor on input line 1486.
<figure/A23_day_of_week_plot.jpg, id=233, 481.8pt x 481.8pt>
File: figure/A23_day_of_week_plot.jpg Graphic file (type jpg)

<use figure/A23_day_of_week_plot.jpg>
Package pdftex.def Info: figure/A23_day_of_week_plot.jpg used on input line 148
7.
(pdftex.def)             Requested size: 313.16628pt x 313.16628pt.
 (./A23_day_of_week_plot.txt)
Overfull \hbox (176.60687pt too wide) in paragraph at lines 1492--1497
[]$[]$ 
 []

Package color Info: Redefining color shadecolor on input line 1501.
[45 <./figure/A23_neighbor_plot.jpg> <./figure/A23_plot_norm_median.jpg>]
<figure/A23_correlaciones.jpg, id=237, 481.8pt x 481.8pt>
File: figure/A23_correlaciones.jpg Graphic file (type jpg)

<use figure/A23_correlaciones.jpg>
Package pdftex.def Info: figure/A23_correlaciones.jpg used on input line 1502.
(pdftex.def)             Requested size: 361.3491pt x 361.3491pt.
 (./A23_correlaciones.txt
Missing character: There is no Ã in font cmr10!
Missing character: There is no ± in font cmr10!
)
Overfull \hbox (176.60687pt too wide) in paragraph at lines 1506--1511
[]$[]$ 
 []

[46 <./figure/A23_day_of_week_plot.jpg> <./figure/A23_correlaciones.jpg>]
Package color Info: Redefining color shadecolor on input line 1520.

<figure/A24_neighbor_plot.jpg, id=241, 481.8pt x 481.8pt>
File: figure/A24_neighbor_plot.jpg Graphic file (type jpg)

<use figure/A24_neighbor_plot.jpg>
Package pdftex.def Info: figure/A24_neighbor_plot.jpg used on input line 1521.
(pdftex.def)             Requested size: 313.16628pt x 313.16628pt.
 (./A24_neighbor_plot.txt)
Overfull \hbox (176.60687pt too wide) in paragraph at lines 1525--1530
[]$[]$ 
 []

Package color Info: Redefining color shadecolor on input line 1534.
<figure/A24_plot_norm_median.jpg, id=242, 481.8pt x 481.8pt>
File: figure/A24_plot_norm_median.jpg Graphic file (type jpg)

<use figure/A24_plot_norm_median.jpg>
Package pdftex.def Info: figure/A24_plot_norm_median.jpg used on input line 153
5.
(pdftex.def)             Requested size: 313.16628pt x 313.16628pt.
 (./A24_plot_norm_median.txt)
Overfull \hbox (176.60687pt too wide) in paragraph at lines 1540--1545
[]$[]$ 
 []

Package color Info: Redefining color shadecolor on input line 1549.
<figure/A24_day_of_week_plot.jpg, id=243, 481.8pt x 481.8pt>
File: figure/A24_day_of_week_plot.jpg Graphic file (type jpg)

<use figure/A24_day_of_week_plot.jpg>
Package pdftex.def Info: figure/A24_day_of_week_plot.jpg used on input line 155
0.
(pdftex.def)             Requested size: 313.16628pt x 313.16628pt.
 (./A24_day_of_week_plot.txt)
Overfull \hbox (176.60687pt too wide) in paragraph at lines 1555--1560
[]$[]$ 
 []

Package color Info: Redefining color shadecolor on input line 1564.
[47 <./figure/A24_neighbor_plot.jpg> <./figure/A24_plot_norm_median.jpg>]
<figure/A24_correlaciones.jpg, id=247, 481.8pt x 481.8pt>
File: figure/A24_correlaciones.jpg Graphic file (type jpg)

<use figure/A24_correlaciones.jpg>
Package pdftex.def Info: figure/A24_correlaciones.jpg used on input line 1565.
(pdftex.def)             Requested size: 361.3491pt x 361.3491pt.
 (./A24_correlaciones.txt
Missing character: There is no Ã in font cmr10!
Missing character: There is no ± in font cmr10!
)
Overfull \hbox (176.60687pt too wide) in paragraph at lines 1569--1574
[]$[]$ 
 []

[48 <./figure/A24_day_of_week_plot.jpg> <./figure/A24_correlaciones.jpg>]
Package color Info: Redefining color shadecolor on input line 1583.

<figure/A25_neighbor_plot.jpg, id=251, 481.8pt x 481.8pt>
File: figure/A25_neighbor_plot.jpg Graphic file (type jpg)

<use figure/A25_neighbor_plot.jpg>
Package pdftex.def Info: figure/A25_neighbor_plot.jpg used on input line 1584.
(pdftex.def)             Requested size: 313.16628pt x 313.16628pt.
 (./A25_neighbor_plot.txt)
Overfull \hbox (176.60687pt too wide) in paragraph at lines 1588--1593
[]$[]$ 
 []

Package color Info: Redefining color shadecolor on input line 1597.
<figure/A25_plot_norm_median.jpg, id=252, 481.8pt x 481.8pt>
File: figure/A25_plot_norm_median.jpg Graphic file (type jpg)

<use figure/A25_plot_norm_median.jpg>
Package pdftex.def Info: figure/A25_plot_norm_median.jpg used on input line 159
8.
(pdftex.def)             Requested size: 313.16628pt x 313.16628pt.
 (./A25_plot_norm_median.txt)
Overfull \hbox (176.60687pt too wide) in paragraph at lines 1603--1608
[]$[]$ 
 []

Package color Info: Redefining color shadecolor on input line 1612.
<figure/A25_day_of_week_plot.jpg, id=253, 481.8pt x 481.8pt>
File: figure/A25_day_of_week_plot.jpg Graphic file (type jpg)

<use figure/A25_day_of_week_plot.jpg>
Package pdftex.def Info: figure/A25_day_of_week_plot.jpg used on input line 161
3.
(pdftex.def)             Requested size: 313.16628pt x 313.16628pt.
 (./A25_day_of_week_plot.txt)
Overfull \hbox (176.60687pt too wide) in paragraph at lines 1618--1623
[]$[]$ 
 []

Package color Info: Redefining color shadecolor on input line 1627.
[49 <./figure/A25_neighbor_plot.jpg> <./figure/A25_plot_norm_median.jpg>]
<figure/A25_correlaciones.jpg, id=258, 481.8pt x 481.8pt>
File: figure/A25_correlaciones.jpg Graphic file (type jpg)

<use figure/A25_correlaciones.jpg>
Package pdftex.def Info: figure/A25_correlaciones.jpg used on input line 1628.
(pdftex.def)             Requested size: 361.3491pt x 361.3491pt.
 (./A25_correlaciones.txt
Missing character: There is no Ã in font cmr10!
Missing character: There is no ± in font cmr10!
)
Overfull \hbox (176.60687pt too wide) in paragraph at lines 1632--1637
[]$[]$ 
 []

[50 <./figure/A25_day_of_week_plot.jpg> <./figure/A25_correlaciones.jpg>]
(./energy_report.aux) ) 
Here is how much of TeX's memory you used:
 4038 strings out of 493117
 66451 string characters out of 6135433
 115331 words of memory out of 5000000
 7132 multiletter control sequences out of 15000+600000
 5339 words of font info for 22 fonts, out of 8000000 for 9000
 1141 hyphenation exceptions out of 8191
 38i,6n,32p,729b,170s stack positions out of 5000i,500n,10000p,200000b,80000s
</usr/local/texlive/2014/texmf-dist/fonts/type1/public/a
msfonts/cm/cmr10.pfb>
Output written on energy_report.pdf (50 pages, 3460574 bytes).
PDF statistics:
 271 PDF objects out of 1000 (max. 8388607)
 116 compressed objects within 2 object streams
 0 named destinations out of 1000 (max. 500000)
 501 words of extra memory for PDF output out of 10000 (max. 10000000)

