This is pdfTeX, Version 3.14159265-2.6-1.40.15 (TeX Live 2014) (preloaded format=pdflatex 2014.5.25)  17 APR 2016 21:59
entering extended mode
 restricted \write18 enabled.
 file:line:error style messages enabled.
 %&-line parsing enabled.
**energy_report.tex
(./energy_report.tex
LaTeX2e <2014/05/01>
Babel <3.9k> and hyphenation patterns for 78 languages loaded.
(/usr/local/texlive/2014/texmf-dist/tex/latex/base/article.cls
Document Class: article 2007/10/19 v1.4h Standard LaTeX document class
(/usr/local/texlive/2014/texmf-dist/tex/latex/base/size10.clo
File: size10.clo 2007/10/19 v1.4h Standard LaTeX file (size option)
)
\c@part=\count79
\c@section=\count80
\c@subsection=\count81
\c@subsubsection=\count82
\c@paragraph=\count83
\c@subparagraph=\count84
\c@figure=\count85
\c@table=\count86
\abovecaptionskip=\skip41
\belowcaptionskip=\skip42
\bibindent=\dimen102
)
(/usr/local/texlive/2014/texmf-dist/tex/latex/graphics/graphicx.sty
Package: graphicx 2014/04/25 v1.0g Enhanced LaTeX Graphics (DPC,SPQR)

(/usr/local/texlive/2014/texmf-dist/tex/latex/graphics/keyval.sty
Package: keyval 2014/05/08 v1.15 key=value parser (DPC)
\KV@toks@=\toks14
)
(/usr/local/texlive/2014/texmf-dist/tex/latex/graphics/graphics.sty
Package: graphics 2009/02/05 v1.0o Standard LaTeX Graphics (DPC,SPQR)

(/usr/local/texlive/2014/texmf-dist/tex/latex/graphics/trig.sty
Package: trig 1999/03/16 v1.09 sin cos tan (DPC)
)
(/usr/local/texlive/2014/texmf-dist/tex/latex/latexconfig/graphics.cfg
File: graphics.cfg 2010/04/23 v1.9 graphics configuration of TeX Live
)
Package graphics Info: Driver file: pdftex.def on input line 91.

(/usr/local/texlive/2014/texmf-dist/tex/latex/pdftex-def/pdftex.def
File: pdftex.def 2011/05/27 v0.06d Graphics/color for pdfTeX

(/usr/local/texlive/2014/texmf-dist/tex/generic/oberdiek/infwarerr.sty
Package: infwarerr 2010/04/08 v1.3 Providing info/warning/error messages (HO)
)
(/usr/local/texlive/2014/texmf-dist/tex/generic/oberdiek/ltxcmds.sty
Package: ltxcmds 2011/11/09 v1.22 LaTeX kernel commands for general use (HO)
)
\Gread@gobject=\count87
))
\Gin@req@height=\dimen103
\Gin@req@width=\dimen104
)
(/usr/local/texlive/2014/texmf-dist/tex/latex/graphics/color.sty
Package: color 2014/04/23 v1.1a Standard LaTeX Color (DPC)

(/usr/local/texlive/2014/texmf-dist/tex/latex/latexconfig/color.cfg
File: color.cfg 2007/01/18 v1.5 color configuration of teTeX/TeXLive
)
Package color Info: Driver file: pdftex.def on input line 137.
)
(/usr/local/texlive/2014/texmf-dist/tex/latex/geometry/geometry.sty
Package: geometry 2010/09/12 v5.6 Page Geometry

(/usr/local/texlive/2014/texmf-dist/tex/generic/oberdiek/ifpdf.sty
Package: ifpdf 2011/01/30 v2.3 Provides the ifpdf switch (HO)
Package ifpdf Info: pdfTeX in PDF mode is detected.
)
(/usr/local/texlive/2014/texmf-dist/tex/generic/oberdiek/ifvtex.sty
Package: ifvtex 2010/03/01 v1.5 Detect VTeX and its facilities (HO)
Package ifvtex Info: VTeX not detected.
)
(/usr/local/texlive/2014/texmf-dist/tex/generic/ifxetex/ifxetex.sty
Package: ifxetex 2010/09/12 v0.6 Provides ifxetex conditional
)
\Gm@cnth=\count88
\Gm@cntv=\count89
\c@Gm@tempcnt=\count90
\Gm@bindingoffset=\dimen105
\Gm@wd@mp=\dimen106
\Gm@odd@mp=\dimen107
\Gm@even@mp=\dimen108
\Gm@layoutwidth=\dimen109
\Gm@layoutheight=\dimen110
\Gm@layouthoffset=\dimen111
\Gm@layoutvoffset=\dimen112
\Gm@dimlist=\toks15
)
(/usr/local/texlive/2014/texmf-dist/tex/latex/tools/verbatim.sty
Package: verbatim 2003/08/22 v1.5q LaTeX2e package for verbatim enhancements
\every@verbatim=\toks16
\verbatim@line=\toks17
\verbatim@in@stream=\read1
)
(/usr/local/texlive/2014/texmf-dist/tex/latex/sidecap/sidecap.sty
Package: sidecap 2003/06/06 v1.6f SideCap Package (RN/HjG)

(/usr/local/texlive/2014/texmf-dist/tex/latex/base/ifthen.sty
Package: ifthen 2001/05/26 v1.1c Standard LaTeX ifthen package (DPC)
)
\SC@BOXWD=\dimen113
\SC@CAPWD=\dimen114
\SC@tempdima=\dimen115
\SC@tempdimb=\dimen116
\c@SC@C=\count91
\SC@BOX=\box26
)
(/usr/local/texlive/2014/texmf-dist/tex/latex/wrapfig/wrapfig.sty
\wrapoverhang=\dimen117
\WF@size=\dimen118
\c@WF@wrappedlines=\count92
\WF@box=\box27
\WF@everypar=\toks18
Package: wrapfig 2003/01/31  v 3.6
)
(/usr/local/texlive/2014/texmf-dist/tex/latex/textpos/textpos.sty
Package: textpos 2014/01/03 v1.7j

Package: textpos 2014/01/03 1.7j, absolute positioning of text on the page
\TP@textbox=\box28
\TPHorizModule=\dimen119
\TPVertModule=\dimen120
\TP@margin=\dimen121
\TP@absmargin=\dimen122
Grid set 16 x 16 = 38.39343pt x 49.68562pt
\TPboxrulesize=\dimen123
\TP@tbargs=\toks19
\TP@prevdepth=\dimen124
) (/usr/local/texlive/2014/texmf-dist/tex/latex/framed/framed.sty
Package: framed 2011/10/22 v 0.96: framed or shaded text with page breaks
\OuterFrameSep=\skip43
\fb@frw=\dimen125
\fb@frh=\dimen126
\FrameRule=\dimen127
\FrameSep=\dimen128
)
(/usr/local/texlive/2014/texmf-dist/tex/latex/base/alltt.sty
Package: alltt 1997/06/16 v2.0g defines alltt environment
)
(/usr/local/texlive/2014/texmf-dist/tex/latex/amsmath/amsmath.sty
Package: amsmath 2013/01/14 v2.14 AMS math features
\@mathmargin=\skip44

For additional information on amsmath, use the `?' option.
(/usr/local/texlive/2014/texmf-dist/tex/latex/amsmath/amstext.sty
Package: amstext 2000/06/29 v2.01

(/usr/local/texlive/2014/texmf-dist/tex/latex/amsmath/amsgen.sty
File: amsgen.sty 1999/11/30 v2.0
\@emptytoks=\toks20
\ex@=\dimen129
))
(/usr/local/texlive/2014/texmf-dist/tex/latex/amsmath/amsbsy.sty
Package: amsbsy 1999/11/29 v1.2d
\pmbraise@=\dimen130
)
(/usr/local/texlive/2014/texmf-dist/tex/latex/amsmath/amsopn.sty
Package: amsopn 1999/12/14 v2.01 operator names
)
\inf@bad=\count93
LaTeX Info: Redefining \frac on input line 210.
\uproot@=\count94
\leftroot@=\count95
LaTeX Info: Redefining \overline on input line 306.
\classnum@=\count96
\DOTSCASE@=\count97
LaTeX Info: Redefining \ldots on input line 378.
LaTeX Info: Redefining \dots on input line 381.
LaTeX Info: Redefining \cdots on input line 466.
\Mathstrutbox@=\box29
\strutbox@=\box30
\big@size=\dimen131
LaTeX Font Info:    Redeclaring font encoding OML on input line 566.
LaTeX Font Info:    Redeclaring font encoding OMS on input line 567.
\macc@depth=\count98
\c@MaxMatrixCols=\count99
\dotsspace@=\muskip10
\c@parentequation=\count100
\dspbrk@lvl=\count101
\tag@help=\toks21
\row@=\count102
\column@=\count103
\maxfields@=\count104
\andhelp@=\toks22
\eqnshift@=\dimen132
\alignsep@=\dimen133
\tagshift@=\dimen134
\tagwidth@=\dimen135
\totwidth@=\dimen136
\lineht@=\dimen137
\@envbody=\toks23
\multlinegap=\skip45
\multlinetaggap=\skip46
\mathdisplay@stack=\toks24
LaTeX Info: Redefining \[ on input line 2665.
LaTeX Info: Redefining \] on input line 2666.
)
(/usr/local/texlive/2014/texmf-dist/tex/latex/amsfonts/amssymb.sty
Package: amssymb 2013/01/14 v3.01 AMS font symbols

(/usr/local/texlive/2014/texmf-dist/tex/latex/amsfonts/amsfonts.sty
Package: amsfonts 2013/01/14 v3.01 Basic AMSFonts support
\symAMSa=\mathgroup4
\symAMSb=\mathgroup5
LaTeX Font Info:    Overwriting math alphabet `\mathfrak' in version `bold'
(Font)                  U/euf/m/n --> U/euf/b/n on input line 106.
))
(/usr/local/texlive/2014/texmf-dist/tex/latex/upquote/upquote.sty
Package: upquote 2012/04/19 v1.3 upright-quote and grave-accent glyphs in verba
tim
)
No file energy_report.aux.
\openout1 = `energy_report.aux'.

LaTeX Font Info:    Checking defaults for OML/cmm/m/it on input line 63.
LaTeX Font Info:    ... okay on input line 63.
LaTeX Font Info:    Checking defaults for T1/cmr/m/n on input line 63.
LaTeX Font Info:    ... okay on input line 63.
LaTeX Font Info:    Checking defaults for OT1/cmr/m/n on input line 63.
LaTeX Font Info:    ... okay on input line 63.
LaTeX Font Info:    Checking defaults for OMS/cmsy/m/n on input line 63.
LaTeX Font Info:    ... okay on input line 63.
LaTeX Font Info:    Checking defaults for OMX/cmex/m/n on input line 63.
LaTeX Font Info:    ... okay on input line 63.
LaTeX Font Info:    Checking defaults for U/cmr/m/n on input line 63.
LaTeX Font Info:    ... okay on input line 63.
(/usr/local/texlive/2014/texmf-dist/tex/context/base/supp-pdf.mkii
[Loading MPS to PDF converter (version 2006.09.02).]
\scratchcounter=\count105
\scratchdimen=\dimen138
\scratchbox=\box31
\nofMPsegments=\count106
\nofMParguments=\count107
\everyMPshowfont=\toks25
\MPscratchCnt=\count108
\MPscratchDim=\dimen139
\MPnumerator=\count109
\makeMPintoPDFobject=\count110
\everyMPtoPDFconversion=\toks26
) (/usr/local/texlive/2014/texmf-dist/tex/generic/oberdiek/pdftexcmds.sty
Package: pdftexcmds 2011/11/29 v0.20 Utility functions of pdfTeX for LuaTeX (HO
)

(/usr/local/texlive/2014/texmf-dist/tex/generic/oberdiek/ifluatex.sty
Package: ifluatex 2010/03/01 v1.3 Provides the ifluatex switch (HO)
Package ifluatex Info: LuaTeX not detected.
)
Package pdftexcmds Info: LuaTeX not detected.
Package pdftexcmds Info: \pdf@primitive is available.
Package pdftexcmds Info: \pdf@ifprimitive is available.
Package pdftexcmds Info: \pdfdraftmode found.
)
(/usr/local/texlive/2014/texmf-dist/tex/latex/oberdiek/epstopdf-base.sty
Package: epstopdf-base 2010/02/09 v2.5 Base part for package epstopdf

(/usr/local/texlive/2014/texmf-dist/tex/latex/oberdiek/grfext.sty
Package: grfext 2010/08/19 v1.1 Manage graphics extensions (HO)

(/usr/local/texlive/2014/texmf-dist/tex/generic/oberdiek/kvdefinekeys.sty
Package: kvdefinekeys 2011/04/07 v1.3 Define keys (HO)
))
(/usr/local/texlive/2014/texmf-dist/tex/latex/oberdiek/kvoptions.sty
Package: kvoptions 2011/06/30 v3.11 Key value format for package options (HO)

(/usr/local/texlive/2014/texmf-dist/tex/generic/oberdiek/kvsetkeys.sty
Package: kvsetkeys 2012/04/25 v1.16 Key value parser (HO)

(/usr/local/texlive/2014/texmf-dist/tex/generic/oberdiek/etexcmds.sty
Package: etexcmds 2011/02/16 v1.5 Avoid name clashes with e-TeX commands (HO)
Package etexcmds Info: Could not find \expanded.
(etexcmds)             That can mean that you are not using pdfTeX 1.50 or
(etexcmds)             that some package has redefined \expanded.
(etexcmds)             In the latter case, load this package earlier.
)))
Package grfext Info: Graphics extension search list:
(grfext)             [.png,.pdf,.jpg,.mps,.jpeg,.jbig2,.jb2,.PNG,.PDF,.JPG,.JPE
G,.JBIG2,.JB2,.eps]
(grfext)             \AppendGraphicsExtensions on input line 452.

(/usr/local/texlive/2014/texmf-dist/tex/latex/latexconfig/epstopdf-sys.cfg
File: epstopdf-sys.cfg 2010/07/13 v1.3 Configuration of (r)epstopdf for TeX Liv
e
))
*geometry* driver: auto-detecting
*geometry* detected driver: pdftex
*geometry* verbose mode - [ preamble ] result:
* driver: pdftex
* paper: <default>
* layout: <same size as paper>
* layoutoffset:(h,v)=(0.0pt,0.0pt)
* modes: 
* h-part:(L,W,R)=(25.29494pt, 563.70512pt, 25.29494pt)
* v-part:(T,H,B)=(25.29494pt, 744.38011pt, 25.29494pt)
* \paperwidth=614.295pt
* \paperheight=794.96999pt
* \textwidth=563.70512pt
* \textheight=744.38011pt
* \oddsidemargin=-46.97505pt
* \evensidemargin=-46.97505pt
* \topmargin=-83.97505pt
* \headheight=12.0pt
* \headsep=25.0pt
* \topskip=10.0pt
* \footskip=30.0pt
* \marginparwidth=65.0pt
* \marginparsep=11.0pt
* \columnsep=10.0pt
* \skip\footins=9.0pt plus 4.0pt minus 2.0pt
* \hoffset=0.0pt
* \voffset=0.0pt
* \mag=1000
* \@twocolumnfalse
* \@twosidefalse
* \@mparswitchfalse
* \@reversemarginfalse
* (1in=72.27pt=25.4mm, 1cm=28.453pt)

(/usr/local/texlive/2014/texmf-dist/tex/latex/ms/ragged2e.sty
Package: ragged2e 2009/05/21 v2.1 ragged2e Package (MS)

(/usr/local/texlive/2014/texmf-dist/tex/latex/ms/everysel.sty
Package: everysel 2011/10/28 v1.2 EverySelectfont Package (MS)

ABD: EverySelectfont initializing macros
LaTeX Info: Redefining \selectfont on input line 126.
)
\CenteringLeftskip=\skip47
\RaggedLeftLeftskip=\skip48
\RaggedRightLeftskip=\skip49
\CenteringRightskip=\skip50
\RaggedLeftRightskip=\skip51
\RaggedRightRightskip=\skip52
\CenteringParfillskip=\skip53
\RaggedLeftParfillskip=\skip54
\RaggedRightParfillskip=\skip55
\JustifyingParfillskip=\skip56
\CenteringParindent=\skip57
\RaggedLeftParindent=\skip58
\RaggedRightParindent=\skip59
\JustifyingParindent=\skip60
)
Package color Info: Redefining color shadecolor on input line 68.

<figure/A1_neighbor_plot.jpg, id=1, 481.8pt x 481.8pt>
File: figure/A1_neighbor_plot.jpg Graphic file (type jpg)

<use figure/A1_neighbor_plot.jpg>
Package pdftex.def Info: figure/A1_neighbor_plot.jpg used on input line 69.
(pdftex.def)             Requested size: 313.16628pt x 313.16628pt.
 (./A1_neighbor_plot.txt)
LaTeX Font Info:    Try loading font information for U+msa on input line 77.

(/usr/local/texlive/2014/texmf-dist/tex/latex/amsfonts/umsa.fd
File: umsa.fd 2013/01/14 v3.01 AMS symbols A
)
LaTeX Font Info:    Try loading font information for U+msb on input line 77.

(/usr/local/texlive/2014/texmf-dist/tex/latex/amsfonts/umsb.fd
File: umsb.fd 2013/01/14 v3.01 AMS symbols B
)
Overfull \hbox (176.60687pt too wide) in paragraph at lines 73--78
[]$[]$ 
 []

Package color Info: Redefining color shadecolor on input line 82.
<figure/A1_plot_norm_median.jpg, id=2, 481.8pt x 481.8pt>
File: figure/A1_plot_norm_median.jpg Graphic file (type jpg)

<use figure/A1_plot_norm_median.jpg>
Package pdftex.def Info: figure/A1_plot_norm_median.jpg used on input line 83.
(pdftex.def)             Requested size: 313.16628pt x 313.16628pt.
 (./A1_plot_norm_median.txt)
Overfull \hbox (176.60687pt too wide) in paragraph at lines 88--93
[]$[]$ 
 []

Package color Info: Redefining color shadecolor on input line 97.
<figure/A1_day_of_week_plot.jpg, id=3, 481.8pt x 481.8pt>
File: figure/A1_day_of_week_plot.jpg Graphic file (type jpg)

<use figure/A1_day_of_week_plot.jpg>
Package pdftex.def Info: figure/A1_day_of_week_plot.jpg used on input line 98.
(pdftex.def)             Requested size: 313.16628pt x 313.16628pt.
 (./A1_day_of_week_plot.txt)
Overfull \hbox (176.60687pt too wide) in paragraph at lines 103--108
[]$[]$ 
 []

Package color Info: Redefining color shadecolor on input line 111.
[1

{/usr/local/texlive/2014/texmf-var/fonts/map/pdftex/updmap/pdftex.map} <./figur
e/A1_neighbor_plot.jpg> <./figure/A1_plot_norm_median.jpg>]
<figure/A1_fplot_norm_median.jpg, id=10, 481.8pt x 481.8pt>
File: figure/A1_fplot_norm_median.jpg Graphic file (type jpg)

<use figure/A1_fplot_norm_median.jpg>
Package pdftex.def Info: figure/A1_fplot_norm_median.jpg used on input line 112
.
(pdftex.def)             Requested size: 361.3491pt x 361.3491pt.
 (./A1_fplot_norm_median.txt)
Overfull \hbox (176.60687pt too wide) in paragraph at lines 116--121
[]$[]$ 
 []

[2 <./figure/A1_day_of_week_plot.jpg> <./figure/A1_fplot_norm_median.jpg>]
Package color Info: Redefining color shadecolor on input line 130.

<figure/A3_neighbor_plot.jpg, id=14, 481.8pt x 481.8pt>
File: figure/A3_neighbor_plot.jpg Graphic file (type jpg)

<use figure/A3_neighbor_plot.jpg>
Package pdftex.def Info: figure/A3_neighbor_plot.jpg used on input line 131.
(pdftex.def)             Requested size: 313.16628pt x 313.16628pt.
 (./A3_neighbor_plot.txt
Missing character: There is no Ã in font cmr10!
Missing character: There is no ¡ in font cmr10!
)
Overfull \hbox (176.60687pt too wide) in paragraph at lines 135--140
[]$[]$ 
 []

Package color Info: Redefining color shadecolor on input line 144.
<figure/A3_plot_norm_median.jpg, id=15, 481.8pt x 481.8pt>
File: figure/A3_plot_norm_median.jpg Graphic file (type jpg)

<use figure/A3_plot_norm_median.jpg>
Package pdftex.def Info: figure/A3_plot_norm_median.jpg used on input line 145.

(pdftex.def)             Requested size: 313.16628pt x 313.16628pt.
 (./A3_plot_norm_median.txt)
Overfull \hbox (176.60687pt too wide) in paragraph at lines 150--155
[]$[]$ 
 []

Package color Info: Redefining color shadecolor on input line 159.
<figure/A3_day_of_week_plot.jpg, id=16, 481.8pt x 481.8pt>
File: figure/A3_day_of_week_plot.jpg Graphic file (type jpg)

<use figure/A3_day_of_week_plot.jpg>
Package pdftex.def Info: figure/A3_day_of_week_plot.jpg used on input line 160.

(pdftex.def)             Requested size: 313.16628pt x 313.16628pt.
 (./A3_day_of_week_plot.txt)
Overfull \hbox (176.60687pt too wide) in paragraph at lines 165--170
[]$[]$ 
 []

Package color Info: Redefining color shadecolor on input line 174.
[3 <./figure/A3_neighbor_plot.jpg> <./figure/A3_plot_norm_median.jpg>]
<figure/A3_fplot_norm_median.jpg, id=20, 481.8pt x 481.8pt>
File: figure/A3_fplot_norm_median.jpg Graphic file (type jpg)

<use figure/A3_fplot_norm_median.jpg>
Package pdftex.def Info: figure/A3_fplot_norm_median.jpg used on input line 175
.
(pdftex.def)             Requested size: 361.3491pt x 361.3491pt.
 (./A3_fplot_norm_median.txt)
Overfull \hbox (176.60687pt too wide) in paragraph at lines 179--184
[]$[]$ 
 []

[4 <./figure/A3_day_of_week_plot.jpg> <./figure/A3_fplot_norm_median.jpg>]
Package color Info: Redefining color shadecolor on input line 195.

<figure/A6_neighbor_plot.jpg, id=24, 481.8pt x 481.8pt>
File: figure/A6_neighbor_plot.jpg Graphic file (type jpg)

<use figure/A6_neighbor_plot.jpg>
Package pdftex.def Info: figure/A6_neighbor_plot.jpg used on input line 196.
(pdftex.def)             Requested size: 313.16628pt x 313.16628pt.
 (./A6_neighbor_plot.txt)
Overfull \hbox (176.60687pt too wide) in paragraph at lines 200--205
[]$[]$ 
 []

Package color Info: Redefining color shadecolor on input line 209.
<figure/A6_plot_norm_median.jpg, id=25, 481.8pt x 481.8pt>
File: figure/A6_plot_norm_median.jpg Graphic file (type jpg)

<use figure/A6_plot_norm_median.jpg>
Package pdftex.def Info: figure/A6_plot_norm_median.jpg used on input line 210.

(pdftex.def)             Requested size: 313.16628pt x 313.16628pt.
 (./A6_plot_norm_median.txt)
Overfull \hbox (176.60687pt too wide) in paragraph at lines 215--220
[]$[]$ 
 []

Package color Info: Redefining color shadecolor on input line 224.
<figure/A6_day_of_week_plot.jpg, id=26, 481.8pt x 481.8pt>
File: figure/A6_day_of_week_plot.jpg Graphic file (type jpg)

<use figure/A6_day_of_week_plot.jpg>
Package pdftex.def Info: figure/A6_day_of_week_plot.jpg used on input line 225.

(pdftex.def)             Requested size: 313.16628pt x 313.16628pt.
 (./A6_day_of_week_plot.txt)
Overfull \hbox (176.60687pt too wide) in paragraph at lines 230--235
[]$[]$ 
 []

Package color Info: Redefining color shadecolor on input line 239.
[5 <./figure/A6_neighbor_plot.jpg> <./figure/A6_plot_norm_median.jpg>]
<figure/A6_fplot_norm_median.jpg, id=30, 481.8pt x 481.8pt>
File: figure/A6_fplot_norm_median.jpg Graphic file (type jpg)

<use figure/A6_fplot_norm_median.jpg>
Package pdftex.def Info: figure/A6_fplot_norm_median.jpg used on input line 240
.
(pdftex.def)             Requested size: 361.3491pt x 361.3491pt.
 (./A6_fplot_norm_median.txt)
Overfull \hbox (176.60687pt too wide) in paragraph at lines 244--249
[]$[]$ 
 []

[6 <./figure/A6_day_of_week_plot.jpg> <./figure/A6_fplot_norm_median.jpg>]
Package color Info: Redefining color shadecolor on input line 323.

<figure/A9_neighbor_plot.jpg, id=34, 481.8pt x 481.8pt>
File: figure/A9_neighbor_plot.jpg Graphic file (type jpg)

<use figure/A9_neighbor_plot.jpg>
Package pdftex.def Info: figure/A9_neighbor_plot.jpg used on input line 324.
(pdftex.def)             Requested size: 313.16628pt x 313.16628pt.
 (./A9_neighbor_plot.txt
Missing character: There is no Ã in font cmr10!
Missing character: There is no ¡ in font cmr10!
)
Overfull \hbox (176.60687pt too wide) in paragraph at lines 328--333
[]$[]$ 
 []

Package color Info: Redefining color shadecolor on input line 337.
<figure/A9_plot_norm_median.jpg, id=35, 481.8pt x 481.8pt>
File: figure/A9_plot_norm_median.jpg Graphic file (type jpg)

<use figure/A9_plot_norm_median.jpg>
Package pdftex.def Info: figure/A9_plot_norm_median.jpg used on input line 338.

(pdftex.def)             Requested size: 313.16628pt x 313.16628pt.
 (./A9_plot_norm_median.txt)
Overfull \hbox (176.60687pt too wide) in paragraph at lines 343--348
[]$[]$ 
 []

Package color Info: Redefining color shadecolor on input line 352.
<figure/A9_day_of_week_plot.jpg, id=36, 481.8pt x 481.8pt>
File: figure/A9_day_of_week_plot.jpg Graphic file (type jpg)

<use figure/A9_day_of_week_plot.jpg>
Package pdftex.def Info: figure/A9_day_of_week_plot.jpg used on input line 353.

(pdftex.def)             Requested size: 313.16628pt x 313.16628pt.
 (./A9_day_of_week_plot.txt)
Overfull \hbox (176.60687pt too wide) in paragraph at lines 358--363
[]$[]$ 
 []

Package color Info: Redefining color shadecolor on input line 367.
[7 <./figure/A9_neighbor_plot.jpg> <./figure/A9_plot_norm_median.jpg>]
<figure/A9_fplot_norm_median.jpg, id=41, 481.8pt x 481.8pt>
File: figure/A9_fplot_norm_median.jpg Graphic file (type jpg)

<use figure/A9_fplot_norm_median.jpg>
Package pdftex.def Info: figure/A9_fplot_norm_median.jpg used on input line 368
.
(pdftex.def)             Requested size: 361.3491pt x 361.3491pt.
 (./A9_fplot_norm_median.txt)
Overfull \hbox (176.60687pt too wide) in paragraph at lines 372--377
[]$[]$ 
 []

[8 <./figure/A9_day_of_week_plot.jpg> <./figure/A9_fplot_norm_median.jpg>]
Package color Info: Redefining color shadecolor on input line 388.

<figure/A11_neighbor_plot.jpg, id=45, 481.8pt x 481.8pt>
File: figure/A11_neighbor_plot.jpg Graphic file (type jpg)

<use figure/A11_neighbor_plot.jpg>
Package pdftex.def Info: figure/A11_neighbor_plot.jpg used on input line 389.
(pdftex.def)             Requested size: 313.16628pt x 313.16628pt.
 (./A11_neighbor_plot.txt)
Overfull \hbox (176.60687pt too wide) in paragraph at lines 393--398
[]$[]$ 
 []

Package color Info: Redefining color shadecolor on input line 402.
<figure/A11_plot_norm_median.jpg, id=46, 481.8pt x 481.8pt>
File: figure/A11_plot_norm_median.jpg Graphic file (type jpg)

<use figure/A11_plot_norm_median.jpg>
Package pdftex.def Info: figure/A11_plot_norm_median.jpg used on input line 403
.
(pdftex.def)             Requested size: 313.16628pt x 313.16628pt.
 (./A11_plot_norm_median.txt)
Overfull \hbox (176.60687pt too wide) in paragraph at lines 408--413
[]$[]$ 
 []

Package color Info: Redefining color shadecolor on input line 417.
<figure/A11_day_of_week_plot.jpg, id=47, 481.8pt x 481.8pt>
File: figure/A11_day_of_week_plot.jpg Graphic file (type jpg)

<use figure/A11_day_of_week_plot.jpg>
Package pdftex.def Info: figure/A11_day_of_week_plot.jpg used on input line 418
.
(pdftex.def)             Requested size: 313.16628pt x 313.16628pt.
 (./A11_day_of_week_plot.txt)
Overfull \hbox (176.60687pt too wide) in paragraph at lines 423--428
[]$[]$ 
 []

Package color Info: Redefining color shadecolor on input line 432.
[9 <./figure/A11_neighbor_plot.jpg> <./figure/A11_plot_norm_median.jpg>]
<figure/A11_fplot_norm_median.jpg, id=51, 481.8pt x 481.8pt>
File: figure/A11_fplot_norm_median.jpg Graphic file (type jpg)

<use figure/A11_fplot_norm_median.jpg>
Package pdftex.def Info: figure/A11_fplot_norm_median.jpg used on input line 43
3.
(pdftex.def)             Requested size: 361.3491pt x 361.3491pt.
 (./A11_fplot_norm_median.txt)
Overfull \hbox (176.60687pt too wide) in paragraph at lines 437--442
[]$[]$ 
 []

[10 <./figure/A11_day_of_week_plot.jpg> <./figure/A11_fplot_norm_median.jpg>]
Package color Info: Redefining color shadecolor on input line 451.

<figure/A12_neighbor_plot.jpg, id=55, 481.8pt x 481.8pt>
File: figure/A12_neighbor_plot.jpg Graphic file (type jpg)

<use figure/A12_neighbor_plot.jpg>
Package pdftex.def Info: figure/A12_neighbor_plot.jpg used on input line 452.
(pdftex.def)             Requested size: 313.16628pt x 313.16628pt.
 (./A12_neighbor_plot.txt)
Overfull \hbox (176.60687pt too wide) in paragraph at lines 456--461
[]$[]$ 
 []

Package color Info: Redefining color shadecolor on input line 465.
<figure/A12_plot_norm_median.jpg, id=56, 481.8pt x 481.8pt>
File: figure/A12_plot_norm_median.jpg Graphic file (type jpg)

<use figure/A12_plot_norm_median.jpg>
Package pdftex.def Info: figure/A12_plot_norm_median.jpg used on input line 466
.
(pdftex.def)             Requested size: 313.16628pt x 313.16628pt.
 (./A12_plot_norm_median.txt)
Overfull \hbox (176.60687pt too wide) in paragraph at lines 471--476
[]$[]$ 
 []

Package color Info: Redefining color shadecolor on input line 480.
<figure/A12_day_of_week_plot.jpg, id=57, 481.8pt x 481.8pt>
File: figure/A12_day_of_week_plot.jpg Graphic file (type jpg)

<use figure/A12_day_of_week_plot.jpg>
Package pdftex.def Info: figure/A12_day_of_week_plot.jpg used on input line 481
.
(pdftex.def)             Requested size: 313.16628pt x 313.16628pt.
 (./A12_day_of_week_plot.txt)
Overfull \hbox (176.60687pt too wide) in paragraph at lines 486--491
[]$[]$ 
 []

Package color Info: Redefining color shadecolor on input line 495.
[11 <./figure/A12_neighbor_plot.jpg> <./figure/A12_plot_norm_median.jpg>]
<figure/A12_fplot_norm_median.jpg, id=61, 481.8pt x 481.8pt>
File: figure/A12_fplot_norm_median.jpg Graphic file (type jpg)

<use figure/A12_fplot_norm_median.jpg>
Package pdftex.def Info: figure/A12_fplot_norm_median.jpg used on input line 49
6.
(pdftex.def)             Requested size: 361.3491pt x 361.3491pt.
 (./A12_fplot_norm_median.txt)
Overfull \hbox (176.60687pt too wide) in paragraph at lines 500--505
[]$[]$ 
 []

[12 <./figure/A12_day_of_week_plot.jpg> <./figure/A12_fplot_norm_median.jpg>]
Package color Info: Redefining color shadecolor on input line 515.

<figure/A14_neighbor_plot.jpg, id=65, 481.8pt x 481.8pt>
File: figure/A14_neighbor_plot.jpg Graphic file (type jpg)

<use figure/A14_neighbor_plot.jpg>
Package pdftex.def Info: figure/A14_neighbor_plot.jpg used on input line 516.
(pdftex.def)             Requested size: 313.16628pt x 313.16628pt.
 (./A14_neighbor_plot.txt
Missing character: There is no Ã in font cmr10!
Missing character: There is no ¡ in font cmr10!
)
Overfull \hbox (176.60687pt too wide) in paragraph at lines 520--525
[]$[]$ 
 []

Package color Info: Redefining color shadecolor on input line 529.
<figure/A14_plot_norm_median.jpg, id=66, 481.8pt x 481.8pt>
File: figure/A14_plot_norm_median.jpg Graphic file (type jpg)

<use figure/A14_plot_norm_median.jpg>
Package pdftex.def Info: figure/A14_plot_norm_median.jpg used on input line 530
.
(pdftex.def)             Requested size: 313.16628pt x 313.16628pt.
 (./A14_plot_norm_median.txt)
Overfull \hbox (176.60687pt too wide) in paragraph at lines 535--540
[]$[]$ 
 []

Package color Info: Redefining color shadecolor on input line 544.
<figure/A14_day_of_week_plot.jpg, id=67, 481.8pt x 481.8pt>
File: figure/A14_day_of_week_plot.jpg Graphic file (type jpg)

<use figure/A14_day_of_week_plot.jpg>
Package pdftex.def Info: figure/A14_day_of_week_plot.jpg used on input line 545
.
(pdftex.def)             Requested size: 313.16628pt x 313.16628pt.
 (./A14_day_of_week_plot.txt)
Overfull \hbox (176.60687pt too wide) in paragraph at lines 550--555
[]$[]$ 
 []

Package color Info: Redefining color shadecolor on input line 559.
[13 <./figure/A14_neighbor_plot.jpg> <./figure/A14_plot_norm_median.jpg>]
<figure/A14_fplot_norm_median.jpg, id=72, 481.8pt x 481.8pt>
File: figure/A14_fplot_norm_median.jpg Graphic file (type jpg)

<use figure/A14_fplot_norm_median.jpg>
Package pdftex.def Info: figure/A14_fplot_norm_median.jpg used on input line 56
0.
(pdftex.def)             Requested size: 361.3491pt x 361.3491pt.
 (./A14_fplot_norm_median.txt)
Overfull \hbox (176.60687pt too wide) in paragraph at lines 564--569
[]$[]$ 
 []

[14 <./figure/A14_day_of_week_plot.jpg> <./figure/A14_fplot_norm_median.jpg>]
Package color Info: Redefining color shadecolor on input line 580.

<figure/A16_neighbor_plot.jpg, id=76, 481.8pt x 481.8pt>
File: figure/A16_neighbor_plot.jpg Graphic file (type jpg)

<use figure/A16_neighbor_plot.jpg>
Package pdftex.def Info: figure/A16_neighbor_plot.jpg used on input line 581.
(pdftex.def)             Requested size: 313.16628pt x 313.16628pt.
 (./A16_neighbor_plot.txt
Missing character: There is no Ã in font cmr10!
Missing character: There is no ¡ in font cmr10!
)
Overfull \hbox (176.60687pt too wide) in paragraph at lines 585--590
[]$[]$ 
 []

Package color Info: Redefining color shadecolor on input line 594.
<figure/A16_plot_norm_median.jpg, id=77, 481.8pt x 481.8pt>
File: figure/A16_plot_norm_median.jpg Graphic file (type jpg)

<use figure/A16_plot_norm_median.jpg>
Package pdftex.def Info: figure/A16_plot_norm_median.jpg used on input line 595
.
(pdftex.def)             Requested size: 313.16628pt x 313.16628pt.
 (./A16_plot_norm_median.txt)
Overfull \hbox (176.60687pt too wide) in paragraph at lines 600--605
[]$[]$ 
 []

Package color Info: Redefining color shadecolor on input line 609.
<figure/A16_day_of_week_plot.jpg, id=78, 481.8pt x 481.8pt>
File: figure/A16_day_of_week_plot.jpg Graphic file (type jpg)

<use figure/A16_day_of_week_plot.jpg>
Package pdftex.def Info: figure/A16_day_of_week_plot.jpg used on input line 610
.
(pdftex.def)             Requested size: 313.16628pt x 313.16628pt.
 (./A16_day_of_week_plot.txt)
Overfull \hbox (176.60687pt too wide) in paragraph at lines 615--620
[]$[]$ 
 []

Package color Info: Redefining color shadecolor on input line 624.
[15 <./figure/A16_neighbor_plot.jpg> <./figure/A16_plot_norm_median.jpg>]
<figure/A16_fplot_norm_median.jpg, id=82, 481.8pt x 481.8pt>
File: figure/A16_fplot_norm_median.jpg Graphic file (type jpg)

<use figure/A16_fplot_norm_median.jpg>
Package pdftex.def Info: figure/A16_fplot_norm_median.jpg used on input line 62
5.
(pdftex.def)             Requested size: 361.3491pt x 361.3491pt.
 (./A16_fplot_norm_median.txt)
Overfull \hbox (176.60687pt too wide) in paragraph at lines 629--634
[]$[]$ 
 []

[16 <./figure/A16_day_of_week_plot.jpg> <./figure/A16_fplot_norm_median.jpg>]
Package color Info: Redefining color shadecolor on input line 643.

<figure/A17_neighbor_plot.jpg, id=86, 481.8pt x 481.8pt>
File: figure/A17_neighbor_plot.jpg Graphic file (type jpg)

<use figure/A17_neighbor_plot.jpg>
Package pdftex.def Info: figure/A17_neighbor_plot.jpg used on input line 644.
(pdftex.def)             Requested size: 313.16628pt x 313.16628pt.
 (./A17_neighbor_plot.txt)
Overfull \hbox (176.60687pt too wide) in paragraph at lines 648--653
[]$[]$ 
 []

Package color Info: Redefining color shadecolor on input line 657.
<figure/A17_plot_norm_median.jpg, id=87, 481.8pt x 481.8pt>
File: figure/A17_plot_norm_median.jpg Graphic file (type jpg)

<use figure/A17_plot_norm_median.jpg>
Package pdftex.def Info: figure/A17_plot_norm_median.jpg used on input line 658
.
(pdftex.def)             Requested size: 313.16628pt x 313.16628pt.
 (./A17_plot_norm_median.txt)
Overfull \hbox (176.60687pt too wide) in paragraph at lines 663--668
[]$[]$ 
 []

Package color Info: Redefining color shadecolor on input line 672.
<figure/A17_day_of_week_plot.jpg, id=88, 481.8pt x 481.8pt>
File: figure/A17_day_of_week_plot.jpg Graphic file (type jpg)

<use figure/A17_day_of_week_plot.jpg>
Package pdftex.def Info: figure/A17_day_of_week_plot.jpg used on input line 673
.
(pdftex.def)             Requested size: 313.16628pt x 313.16628pt.
 (./A17_day_of_week_plot.txt)
Overfull \hbox (176.60687pt too wide) in paragraph at lines 678--683
[]$[]$ 
 []

Package color Info: Redefining color shadecolor on input line 687.
[17 <./figure/A17_neighbor_plot.jpg> <./figure/A17_plot_norm_median.jpg>]
<figure/A17_fplot_norm_median.jpg, id=92, 481.8pt x 481.8pt>
File: figure/A17_fplot_norm_median.jpg Graphic file (type jpg)

<use figure/A17_fplot_norm_median.jpg>
Package pdftex.def Info: figure/A17_fplot_norm_median.jpg used on input line 68
8.
(pdftex.def)             Requested size: 361.3491pt x 361.3491pt.
 (./A17_fplot_norm_median.txt)
Overfull \hbox (176.60687pt too wide) in paragraph at lines 692--697
[]$[]$ 
 []

[18 <./figure/A17_day_of_week_plot.jpg> <./figure/A17_fplot_norm_median.jpg>]
Package color Info: Redefining color shadecolor on input line 706.

<figure/A18_neighbor_plot.jpg, id=96, 481.8pt x 481.8pt>
File: figure/A18_neighbor_plot.jpg Graphic file (type jpg)

<use figure/A18_neighbor_plot.jpg>
Package pdftex.def Info: figure/A18_neighbor_plot.jpg used on input line 707.
(pdftex.def)             Requested size: 313.16628pt x 313.16628pt.
 (./A18_neighbor_plot.txt
Missing character: There is no Ã in font cmr10!
Missing character: There is no ¡ in font cmr10!
)
Overfull \hbox (176.60687pt too wide) in paragraph at lines 711--716
[]$[]$ 
 []

Package color Info: Redefining color shadecolor on input line 720.
<figure/A18_plot_norm_median.jpg, id=97, 481.8pt x 481.8pt>
File: figure/A18_plot_norm_median.jpg Graphic file (type jpg)

<use figure/A18_plot_norm_median.jpg>
Package pdftex.def Info: figure/A18_plot_norm_median.jpg used on input line 721
.
(pdftex.def)             Requested size: 313.16628pt x 313.16628pt.
 (./A18_plot_norm_median.txt)
Overfull \hbox (176.60687pt too wide) in paragraph at lines 726--731
[]$[]$ 
 []

Package color Info: Redefining color shadecolor on input line 735.
<figure/A18_day_of_week_plot.jpg, id=98, 481.8pt x 481.8pt>
File: figure/A18_day_of_week_plot.jpg Graphic file (type jpg)

<use figure/A18_day_of_week_plot.jpg>
Package pdftex.def Info: figure/A18_day_of_week_plot.jpg used on input line 736
.
(pdftex.def)             Requested size: 313.16628pt x 313.16628pt.
 (./A18_day_of_week_plot.txt)
Overfull \hbox (176.60687pt too wide) in paragraph at lines 741--746
[]$[]$ 
 []

Package color Info: Redefining color shadecolor on input line 750.
[19 <./figure/A18_neighbor_plot.jpg> <./figure/A18_plot_norm_median.jpg>]
<figure/A18_fplot_norm_median.jpg, id=103, 481.8pt x 481.8pt>
File: figure/A18_fplot_norm_median.jpg Graphic file (type jpg)

<use figure/A18_fplot_norm_median.jpg>
Package pdftex.def Info: figure/A18_fplot_norm_median.jpg used on input line 75
1.
(pdftex.def)             Requested size: 361.3491pt x 361.3491pt.
 (./A18_fplot_norm_median.txt)
Overfull \hbox (176.60687pt too wide) in paragraph at lines 755--760
[]$[]$ 
 []

[20 <./figure/A18_day_of_week_plot.jpg> <./figure/A18_fplot_norm_median.jpg>]
Package color Info: Redefining color shadecolor on input line 770.

<figure/A19_neighbor_plot.jpg, id=107, 481.8pt x 481.8pt>
File: figure/A19_neighbor_plot.jpg Graphic file (type jpg)

<use figure/A19_neighbor_plot.jpg>
Package pdftex.def Info: figure/A19_neighbor_plot.jpg used on input line 771.
(pdftex.def)             Requested size: 313.16628pt x 313.16628pt.
 (./A19_neighbor_plot.txt
Missing character: There is no Ã in font cmr10!
Missing character: There is no ¡ in font cmr10!
)
Overfull \hbox (176.60687pt too wide) in paragraph at lines 775--780
[]$[]$ 
 []

Package color Info: Redefining color shadecolor on input line 784.
<figure/A19_plot_norm_median.jpg, id=108, 481.8pt x 481.8pt>
File: figure/A19_plot_norm_median.jpg Graphic file (type jpg)

<use figure/A19_plot_norm_median.jpg>
Package pdftex.def Info: figure/A19_plot_norm_median.jpg used on input line 785
.
(pdftex.def)             Requested size: 313.16628pt x 313.16628pt.
 (./A19_plot_norm_median.txt)
Overfull \hbox (176.60687pt too wide) in paragraph at lines 790--795
[]$[]$ 
 []

Package color Info: Redefining color shadecolor on input line 799.
<figure/A19_day_of_week_plot.jpg, id=109, 481.8pt x 481.8pt>
File: figure/A19_day_of_week_plot.jpg Graphic file (type jpg)

<use figure/A19_day_of_week_plot.jpg>
Package pdftex.def Info: figure/A19_day_of_week_plot.jpg used on input line 800
.
(pdftex.def)             Requested size: 313.16628pt x 313.16628pt.
 (./A19_day_of_week_plot.txt)
Overfull \hbox (176.60687pt too wide) in paragraph at lines 805--810
[]$[]$ 
 []

Package color Info: Redefining color shadecolor on input line 814.
[21 <./figure/A19_neighbor_plot.jpg> <./figure/A19_plot_norm_median.jpg>]
<figure/A19_fplot_norm_median.jpg, id=113, 481.8pt x 481.8pt>
File: figure/A19_fplot_norm_median.jpg Graphic file (type jpg)

<use figure/A19_fplot_norm_median.jpg>
Package pdftex.def Info: figure/A19_fplot_norm_median.jpg used on input line 81
5.
(pdftex.def)             Requested size: 361.3491pt x 361.3491pt.
 (./A19_fplot_norm_median.txt)
Overfull \hbox (176.60687pt too wide) in paragraph at lines 819--824
[]$[]$ 
 []

[22 <./figure/A19_day_of_week_plot.jpg> <./figure/A19_fplot_norm_median.jpg>]
Package color Info: Redefining color shadecolor on input line 833.

<figure/A20_neighbor_plot.jpg, id=117, 481.8pt x 481.8pt>
File: figure/A20_neighbor_plot.jpg Graphic file (type jpg)

<use figure/A20_neighbor_plot.jpg>
Package pdftex.def Info: figure/A20_neighbor_plot.jpg used on input line 834.
(pdftex.def)             Requested size: 313.16628pt x 313.16628pt.
 (./A20_neighbor_plot.txt
Missing character: There is no Ã in font cmr10!
Missing character: There is no ¡ in font cmr10!
)
Overfull \hbox (176.60687pt too wide) in paragraph at lines 838--843
[]$[]$ 
 []

Package color Info: Redefining color shadecolor on input line 847.
<figure/A20_plot_norm_median.jpg, id=118, 481.8pt x 481.8pt>
File: figure/A20_plot_norm_median.jpg Graphic file (type jpg)

<use figure/A20_plot_norm_median.jpg>
Package pdftex.def Info: figure/A20_plot_norm_median.jpg used on input line 848
.
(pdftex.def)             Requested size: 313.16628pt x 313.16628pt.
 (./A20_plot_norm_median.txt)
Overfull \hbox (176.60687pt too wide) in paragraph at lines 853--858
[]$[]$ 
 []

Package color Info: Redefining color shadecolor on input line 862.
<figure/A20_day_of_week_plot.jpg, id=119, 481.8pt x 481.8pt>
File: figure/A20_day_of_week_plot.jpg Graphic file (type jpg)

<use figure/A20_day_of_week_plot.jpg>
Package pdftex.def Info: figure/A20_day_of_week_plot.jpg used on input line 863
.
(pdftex.def)             Requested size: 313.16628pt x 313.16628pt.
 (./A20_day_of_week_plot.txt)
Overfull \hbox (176.60687pt too wide) in paragraph at lines 868--873
[]$[]$ 
 []

Package color Info: Redefining color shadecolor on input line 877.
[23 <./figure/A20_neighbor_plot.jpg> <./figure/A20_plot_norm_median.jpg>]
<figure/A20_fplot_norm_median.jpg, id=123, 481.8pt x 481.8pt>
File: figure/A20_fplot_norm_median.jpg Graphic file (type jpg)

<use figure/A20_fplot_norm_median.jpg>
Package pdftex.def Info: figure/A20_fplot_norm_median.jpg used on input line 87
8.
(pdftex.def)             Requested size: 361.3491pt x 361.3491pt.
 (./A20_fplot_norm_median.txt)
Overfull \hbox (176.60687pt too wide) in paragraph at lines 882--887
[]$[]$ 
 []

[24 <./figure/A20_day_of_week_plot.jpg> <./figure/A20_fplot_norm_median.jpg>]
Package color Info: Redefining color shadecolor on input line 896.

<figure/A21_neighbor_plot.jpg, id=127, 481.8pt x 481.8pt>
File: figure/A21_neighbor_plot.jpg Graphic file (type jpg)

<use figure/A21_neighbor_plot.jpg>
Package pdftex.def Info: figure/A21_neighbor_plot.jpg used on input line 897.
(pdftex.def)             Requested size: 313.16628pt x 313.16628pt.
 (./A21_neighbor_plot.txt)
Overfull \hbox (176.60687pt too wide) in paragraph at lines 901--906
[]$[]$ 
 []

Package color Info: Redefining color shadecolor on input line 910.
<figure/A21_plot_norm_median.jpg, id=128, 481.8pt x 481.8pt>
File: figure/A21_plot_norm_median.jpg Graphic file (type jpg)

<use figure/A21_plot_norm_median.jpg>
Package pdftex.def Info: figure/A21_plot_norm_median.jpg used on input line 911
.
(pdftex.def)             Requested size: 313.16628pt x 313.16628pt.
 (./A21_plot_norm_median.txt)
Overfull \hbox (176.60687pt too wide) in paragraph at lines 916--921
[]$[]$ 
 []

Package color Info: Redefining color shadecolor on input line 925.
<figure/A21_day_of_week_plot.jpg, id=129, 481.8pt x 481.8pt>
File: figure/A21_day_of_week_plot.jpg Graphic file (type jpg)

<use figure/A21_day_of_week_plot.jpg>
Package pdftex.def Info: figure/A21_day_of_week_plot.jpg used on input line 926
.
(pdftex.def)             Requested size: 313.16628pt x 313.16628pt.
 (./A21_day_of_week_plot.txt)
Overfull \hbox (176.60687pt too wide) in paragraph at lines 931--936
[]$[]$ 
 []

Package color Info: Redefining color shadecolor on input line 940.
[25 <./figure/A21_neighbor_plot.jpg> <./figure/A21_plot_norm_median.jpg>]
<figure/A21_fplot_norm_median.jpg, id=134, 481.8pt x 481.8pt>
File: figure/A21_fplot_norm_median.jpg Graphic file (type jpg)

<use figure/A21_fplot_norm_median.jpg>
Package pdftex.def Info: figure/A21_fplot_norm_median.jpg used on input line 94
1.
(pdftex.def)             Requested size: 361.3491pt x 361.3491pt.
 (./A21_fplot_norm_median.txt)
Overfull \hbox (176.60687pt too wide) in paragraph at lines 945--950
[]$[]$ 
 []

[26 <./figure/A21_day_of_week_plot.jpg> <./figure/A21_fplot_norm_median.jpg>]
Package color Info: Redefining color shadecolor on input line 959.

<figure/A22_neighbor_plot.jpg, id=138, 481.8pt x 481.8pt>
File: figure/A22_neighbor_plot.jpg Graphic file (type jpg)

<use figure/A22_neighbor_plot.jpg>
Package pdftex.def Info: figure/A22_neighbor_plot.jpg used on input line 960.
(pdftex.def)             Requested size: 313.16628pt x 313.16628pt.
 (./A22_neighbor_plot.txt)
Overfull \hbox (176.60687pt too wide) in paragraph at lines 964--969
[]$[]$ 
 []

Package color Info: Redefining color shadecolor on input line 973.
<figure/A22_plot_norm_median.jpg, id=139, 481.8pt x 481.8pt>
File: figure/A22_plot_norm_median.jpg Graphic file (type jpg)

<use figure/A22_plot_norm_median.jpg>
Package pdftex.def Info: figure/A22_plot_norm_median.jpg used on input line 974
.
(pdftex.def)             Requested size: 313.16628pt x 313.16628pt.
 (./A22_plot_norm_median.txt)
Overfull \hbox (176.60687pt too wide) in paragraph at lines 979--984
[]$[]$ 
 []

Package color Info: Redefining color shadecolor on input line 988.
<figure/A22_day_of_week_plot.jpg, id=140, 481.8pt x 481.8pt>
File: figure/A22_day_of_week_plot.jpg Graphic file (type jpg)

<use figure/A22_day_of_week_plot.jpg>
Package pdftex.def Info: figure/A22_day_of_week_plot.jpg used on input line 989
.
(pdftex.def)             Requested size: 313.16628pt x 313.16628pt.
 (./A22_day_of_week_plot.txt)
Overfull \hbox (176.60687pt too wide) in paragraph at lines 994--999
[]$[]$ 
 []

Package color Info: Redefining color shadecolor on input line 1003.
[27 <./figure/A22_neighbor_plot.jpg> <./figure/A22_plot_norm_median.jpg>]
<figure/A22_fplot_norm_median.jpg, id=144, 481.8pt x 481.8pt>
File: figure/A22_fplot_norm_median.jpg Graphic file (type jpg)

<use figure/A22_fplot_norm_median.jpg>
Package pdftex.def Info: figure/A22_fplot_norm_median.jpg used on input line 10
04.
(pdftex.def)             Requested size: 361.3491pt x 361.3491pt.
 (./A22_fplot_norm_median.txt)
Overfull \hbox (176.60687pt too wide) in paragraph at lines 1008--1013
[]$[]$ 
 []

[28 <./figure/A22_day_of_week_plot.jpg> <./figure/A22_fplot_norm_median.jpg>]
Package color Info: Redefining color shadecolor on input line 1024.

<figure/A24_neighbor_plot.jpg, id=148, 481.8pt x 481.8pt>
File: figure/A24_neighbor_plot.jpg Graphic file (type jpg)

<use figure/A24_neighbor_plot.jpg>
Package pdftex.def Info: figure/A24_neighbor_plot.jpg used on input line 1025.
(pdftex.def)             Requested size: 313.16628pt x 313.16628pt.
 (./A24_neighbor_plot.txt)
Overfull \hbox (176.60687pt too wide) in paragraph at lines 1029--1034
[]$[]$ 
 []

Package color Info: Redefining color shadecolor on input line 1038.
<figure/A24_plot_norm_median.jpg, id=149, 481.8pt x 481.8pt>
File: figure/A24_plot_norm_median.jpg Graphic file (type jpg)

<use figure/A24_plot_norm_median.jpg>
Package pdftex.def Info: figure/A24_plot_norm_median.jpg used on input line 103
9.
(pdftex.def)             Requested size: 313.16628pt x 313.16628pt.
 (./A24_plot_norm_median.txt)
Overfull \hbox (176.60687pt too wide) in paragraph at lines 1044--1049
[]$[]$ 
 []

Package color Info: Redefining color shadecolor on input line 1053.
<figure/A24_day_of_week_plot.jpg, id=150, 481.8pt x 481.8pt>
File: figure/A24_day_of_week_plot.jpg Graphic file (type jpg)

<use figure/A24_day_of_week_plot.jpg>
Package pdftex.def Info: figure/A24_day_of_week_plot.jpg used on input line 105
4.
(pdftex.def)             Requested size: 313.16628pt x 313.16628pt.
 (./A24_day_of_week_plot.txt)
Overfull \hbox (176.60687pt too wide) in paragraph at lines 1059--1064
[]$[]$ 
 []

Package color Info: Redefining color shadecolor on input line 1068.
[29 <./figure/A24_neighbor_plot.jpg> <./figure/A24_plot_norm_median.jpg>]
<figure/A24_fplot_norm_median.jpg, id=154, 481.8pt x 481.8pt>
File: figure/A24_fplot_norm_median.jpg Graphic file (type jpg)

<use figure/A24_fplot_norm_median.jpg>
Package pdftex.def Info: figure/A24_fplot_norm_median.jpg used on input line 10
69.
(pdftex.def)             Requested size: 361.3491pt x 361.3491pt.
 (./A24_fplot_norm_median.txt)
Overfull \hbox (176.60687pt too wide) in paragraph at lines 1073--1078
[]$[]$ 
 []

[30 <./figure/A24_day_of_week_plot.jpg> <./figure/A24_fplot_norm_median.jpg>]
Package color Info: Redefining color shadecolor on input line 1087.

<figure/A25_neighbor_plot.jpg, id=158, 481.8pt x 481.8pt>
File: figure/A25_neighbor_plot.jpg Graphic file (type jpg)

<use figure/A25_neighbor_plot.jpg>
Package pdftex.def Info: figure/A25_neighbor_plot.jpg used on input line 1088.
(pdftex.def)             Requested size: 313.16628pt x 313.16628pt.
 (./A25_neighbor_plot.txt
Missing character: There is no Ã in font cmr10!
Missing character: There is no ¡ in font cmr10!
)
Overfull \hbox (176.60687pt too wide) in paragraph at lines 1092--1097
[]$[]$ 
 []

Package color Info: Redefining color shadecolor on input line 1101.
<figure/A25_plot_norm_median.jpg, id=159, 481.8pt x 481.8pt>
File: figure/A25_plot_norm_median.jpg Graphic file (type jpg)

<use figure/A25_plot_norm_median.jpg>
Package pdftex.def Info: figure/A25_plot_norm_median.jpg used on input line 110
2.
(pdftex.def)             Requested size: 313.16628pt x 313.16628pt.
 (./A25_plot_norm_median.txt)
Overfull \hbox (176.60687pt too wide) in paragraph at lines 1107--1112
[]$[]$ 
 []

Package color Info: Redefining color shadecolor on input line 1116.
<figure/A25_day_of_week_plot.jpg, id=160, 481.8pt x 481.8pt>
File: figure/A25_day_of_week_plot.jpg Graphic file (type jpg)

<use figure/A25_day_of_week_plot.jpg>
Package pdftex.def Info: figure/A25_day_of_week_plot.jpg used on input line 111
7.
(pdftex.def)             Requested size: 313.16628pt x 313.16628pt.
 (./A25_day_of_week_plot.txt)
Overfull \hbox (176.60687pt too wide) in paragraph at lines 1122--1127
[]$[]$ 
 []

Package color Info: Redefining color shadecolor on input line 1131.
[31 <./figure/A25_neighbor_plot.jpg> <./figure/A25_plot_norm_median.jpg>]
<figure/A25_fplot_norm_median.jpg, id=165, 481.8pt x 481.8pt>
File: figure/A25_fplot_norm_median.jpg Graphic file (type jpg)

<use figure/A25_fplot_norm_median.jpg>
Package pdftex.def Info: figure/A25_fplot_norm_median.jpg used on input line 11
32.
(pdftex.def)             Requested size: 361.3491pt x 361.3491pt.
 (./A25_fplot_norm_median.txt)
Overfull \hbox (176.60687pt too wide) in paragraph at lines 1136--1141
[]$[]$ 
 []

[32 <./figure/A25_day_of_week_plot.jpg> <./figure/A25_fplot_norm_median.jpg>]
Package color Info: Redefining color shadecolor on input line 1150.

<figure/A26_neighbor_plot.jpg, id=169, 481.8pt x 481.8pt>
File: figure/A26_neighbor_plot.jpg Graphic file (type jpg)

<use figure/A26_neighbor_plot.jpg>
Package pdftex.def Info: figure/A26_neighbor_plot.jpg used on input line 1151.
(pdftex.def)             Requested size: 313.16628pt x 313.16628pt.
 (./A26_neighbor_plot.txt)
Overfull \hbox (176.60687pt too wide) in paragraph at lines 1155--1160
[]$[]$ 
 []

Package color Info: Redefining color shadecolor on input line 1164.
<figure/A26_plot_norm_median.jpg, id=170, 481.8pt x 481.8pt>
File: figure/A26_plot_norm_median.jpg Graphic file (type jpg)

<use figure/A26_plot_norm_median.jpg>
Package pdftex.def Info: figure/A26_plot_norm_median.jpg used on input line 116
5.
(pdftex.def)             Requested size: 313.16628pt x 313.16628pt.
 (./A26_plot_norm_median.txt)
Overfull \hbox (176.60687pt too wide) in paragraph at lines 1170--1175
[]$[]$ 
 []

Package color Info: Redefining color shadecolor on input line 1179.
<figure/A26_day_of_week_plot.jpg, id=171, 481.8pt x 481.8pt>
File: figure/A26_day_of_week_plot.jpg Graphic file (type jpg)

<use figure/A26_day_of_week_plot.jpg>
Package pdftex.def Info: figure/A26_day_of_week_plot.jpg used on input line 118
0.
(pdftex.def)             Requested size: 313.16628pt x 313.16628pt.
 (./A26_day_of_week_plot.txt)
Overfull \hbox (176.60687pt too wide) in paragraph at lines 1185--1190
[]$[]$ 
 []

Package color Info: Redefining color shadecolor on input line 1194.
[33 <./figure/A26_neighbor_plot.jpg> <./figure/A26_plot_norm_median.jpg>]
<figure/A26_fplot_norm_median.jpg, id=175, 481.8pt x 481.8pt>
File: figure/A26_fplot_norm_median.jpg Graphic file (type jpg)

<use figure/A26_fplot_norm_median.jpg>
Package pdftex.def Info: figure/A26_fplot_norm_median.jpg used on input line 11
95.
(pdftex.def)             Requested size: 361.3491pt x 361.3491pt.
 (./A26_fplot_norm_median.txt)
Overfull \hbox (176.60687pt too wide) in paragraph at lines 1199--1204
[]$[]$ 
 []

[34 <./figure/A26_day_of_week_plot.jpg> <./figure/A26_fplot_norm_median.jpg>]
Package color Info: Redefining color shadecolor on input line 1213.

<figure/A28_neighbor_plot.jpg, id=179, 481.8pt x 481.8pt>
File: figure/A28_neighbor_plot.jpg Graphic file (type jpg)

<use figure/A28_neighbor_plot.jpg>
Package pdftex.def Info: figure/A28_neighbor_plot.jpg used on input line 1214.
(pdftex.def)             Requested size: 313.16628pt x 313.16628pt.
 (./A28_neighbor_plot.txt
Missing character: There is no Ã in font cmr10!
Missing character: There is no ¡ in font cmr10!
)
Overfull \hbox (176.60687pt too wide) in paragraph at lines 1218--1223
[]$[]$ 
 []

Package color Info: Redefining color shadecolor on input line 1227.
<figure/A28_plot_norm_median.jpg, id=180, 481.8pt x 481.8pt>
File: figure/A28_plot_norm_median.jpg Graphic file (type jpg)

<use figure/A28_plot_norm_median.jpg>
Package pdftex.def Info: figure/A28_plot_norm_median.jpg used on input line 122
8.
(pdftex.def)             Requested size: 313.16628pt x 313.16628pt.
 (./A28_plot_norm_median.txt)
Overfull \hbox (176.60687pt too wide) in paragraph at lines 1233--1238
[]$[]$ 
 []

Package color Info: Redefining color shadecolor on input line 1242.
<figure/A28_day_of_week_plot.jpg, id=181, 481.8pt x 481.8pt>
File: figure/A28_day_of_week_plot.jpg Graphic file (type jpg)

<use figure/A28_day_of_week_plot.jpg>
Package pdftex.def Info: figure/A28_day_of_week_plot.jpg used on input line 124
3.
(pdftex.def)             Requested size: 313.16628pt x 313.16628pt.
 (./A28_day_of_week_plot.txt)
Overfull \hbox (176.60687pt too wide) in paragraph at lines 1248--1253
[]$[]$ 
 []

Package color Info: Redefining color shadecolor on input line 1257.
[35 <./figure/A28_neighbor_plot.jpg> <./figure/A28_plot_norm_median.jpg>]
<figure/A28_fplot_norm_median.jpg, id=185, 481.8pt x 481.8pt>
File: figure/A28_fplot_norm_median.jpg Graphic file (type jpg)

<use figure/A28_fplot_norm_median.jpg>
Package pdftex.def Info: figure/A28_fplot_norm_median.jpg used on input line 12
58.
(pdftex.def)             Requested size: 361.3491pt x 361.3491pt.
 (./A28_fplot_norm_median.txt)
Overfull \hbox (176.60687pt too wide) in paragraph at lines 1262--1267
[]$[]$ 
 []

[36 <./figure/A28_day_of_week_plot.jpg> <./figure/A28_fplot_norm_median.jpg>]
Package color Info: Redefining color shadecolor on input line 1276.

<figure/A29_neighbor_plot.jpg, id=189, 481.8pt x 481.8pt>
File: figure/A29_neighbor_plot.jpg Graphic file (type jpg)

<use figure/A29_neighbor_plot.jpg>
Package pdftex.def Info: figure/A29_neighbor_plot.jpg used on input line 1277.
(pdftex.def)             Requested size: 313.16628pt x 313.16628pt.
 (./A29_neighbor_plot.txt)
Overfull \hbox (176.60687pt too wide) in paragraph at lines 1281--1286
[]$[]$ 
 []

Package color Info: Redefining color shadecolor on input line 1290.
<figure/A29_plot_norm_median.jpg, id=190, 481.8pt x 481.8pt>
File: figure/A29_plot_norm_median.jpg Graphic file (type jpg)

<use figure/A29_plot_norm_median.jpg>
Package pdftex.def Info: figure/A29_plot_norm_median.jpg used on input line 129
1.
(pdftex.def)             Requested size: 313.16628pt x 313.16628pt.
 (./A29_plot_norm_median.txt)
Overfull \hbox (176.60687pt too wide) in paragraph at lines 1296--1301
[]$[]$ 
 []

Package color Info: Redefining color shadecolor on input line 1305.
<figure/A29_day_of_week_plot.jpg, id=191, 481.8pt x 481.8pt>
File: figure/A29_day_of_week_plot.jpg Graphic file (type jpg)

<use figure/A29_day_of_week_plot.jpg>
Package pdftex.def Info: figure/A29_day_of_week_plot.jpg used on input line 130
6.
(pdftex.def)             Requested size: 313.16628pt x 313.16628pt.
 (./A29_day_of_week_plot.txt)
Overfull \hbox (176.60687pt too wide) in paragraph at lines 1311--1316
[]$[]$ 
 []

Package color Info: Redefining color shadecolor on input line 1320.
[37 <./figure/A29_neighbor_plot.jpg> <./figure/A29_plot_norm_median.jpg>]
<figure/A29_fplot_norm_median.jpg, id=196, 481.8pt x 481.8pt>
File: figure/A29_fplot_norm_median.jpg Graphic file (type jpg)

<use figure/A29_fplot_norm_median.jpg>
Package pdftex.def Info: figure/A29_fplot_norm_median.jpg used on input line 13
21.
(pdftex.def)             Requested size: 361.3491pt x 361.3491pt.
 (./A29_fplot_norm_median.txt)
Overfull \hbox (176.60687pt too wide) in paragraph at lines 1325--1330
[]$[]$ 
 []

[38 <./figure/A29_day_of_week_plot.jpg> <./figure/A29_fplot_norm_median.jpg>]
(./energy_report.aux) ) 
Here is how much of TeX's memory you used:
 3868 strings out of 493117
 62131 string characters out of 6135433
 115331 words of memory out of 5000000
 7036 multiletter control sequences out of 15000+600000
 5339 words of font info for 22 fonts, out of 8000000 for 9000
 1141 hyphenation exceptions out of 8191
 38i,6n,32p,562b,170s stack positions out of 5000i,500n,10000p,200000b,80000s
</usr/local/texlive/2014/texmf-dist/fonts/type1/public/a
msfonts/cm/cmr10.pfb>
Output written on energy_report.pdf (38 pages, 2092506 bytes).
PDF statistics:
 208 PDF objects out of 1000 (max. 8388607)
 90 compressed objects within 1 object stream
 0 named destinations out of 1000 (max. 500000)
 381 words of extra memory for PDF output out of 10000 (max. 10000000)

